# Logfile created on Mon May 26 19:50:41 -0700 2008 by /


Processing UsersController#index (for 127.0.0.1 at 2008-05-26 20:52:16) [GET]
  Session ID: 87f6bbcced50d676dc78826bde8af537
  Parameters: {"action"=>"index", "controller"=>"users"}
WARNING: You're using the Ruby-based MySQL library that ships with Rails. This library is not suited for production. Please install the C-based MySQL library instead (gem install mysql).


Processing UsersController#index (for 127.0.0.1 at 2008-05-26 20:52:17) [GET]
  Session ID: 87f6bbcced50d676dc78826bde8af537
  Parameters: {"action"=>"index", "controller"=>"users"}


Mysql::Error (#42000Access denied for user 'carlbtan_carlb'@'localhost' to database 'development'):
    /usr/local/lib/ruby/gems/1.8/gems/activerecord-2.0.2/lib/active_record/vendor/mysql.rb:523:in `read'
    /usr/local/lib/ruby/gems/1.8/gems/activerecord-2.0.2/lib/active_record/vendor/mysql.rb:153:in `real_connect'
    /usr/local/lib/ruby/gems/1.8/gems/activerecord-2.0.2/lib/active_record/connection_adapters/mysql_adapter.rb:471:in `connect'
    /usr/local/lib/ruby/gems/1.8/gems/activerecord-2.0.2/lib/active_record/connection_adapters/mysql_adapter.rb:165:in `initialize'
    /usr/local/lib/ruby/gems/1.8/gems/activerecord-2.0.2/lib/active_record/connection_adapters/mysql_adapter.rb:88:in `new'
    /usr/local/lib/ruby/gems/1.8/gems/activerecord-2.0.2/lib/active_record/connection_adapters/mysql_adapter.rb:88:in `mysql_connection'
    /usr/local/lib/ruby/gems/1.8/gems/activerecord-2.0.2/lib/active_record/connection_adapters/abstract/connection_specification.rb:291:in `send'
    /usr/local/lib/ruby/gems/1.8/gems/activerecord-2.0.2/lib/active_record/connection_adapters/abstract/connection_specification.rb:291:in `connection='
    /usr/local/lib/ruby/gems/1.8/gems/activerecord-2.0.2/lib/active_record/connection_adapters/abstract/connection_specification.rb:259:in `retrieve_connection'
    /usr/local/lib/ruby/gems/1.8/gems/activerecord-2.0.2/lib/active_record/connection_adapters/abstract/connection_specification.rb:78:in `connection'
    /usr/local/lib/ruby/gems/1.8/gems/activerecord-2.0.2/lib/active_record/query_cache.rb:8:in `cache'
    /usr/local/lib/ruby/gems/1.8/gems/actionpack-2.0.2/lib/action_controller/caching.rb:677:in `perform_action'
    /usr/local/lib/ruby/gems/1.8/gems/actionpack-2.0.2/lib/action_controller/base.rb:524:in `send'
    /usr/local/lib/ruby/gems/1.8/gems/actionpack-2.0.2/lib/action_controller/base.rb:524:in `process_without_filters'
    /usr/local/lib/ruby/gems/1.8/gems/actionpack-2.0.2/lib/action_controller/filters.rb:685:in `process_without_session_management_support'
    /usr/local/lib/ruby/gems/1.8/gems/actionpack-2.0.2/lib/action_controller/session_management.rb:123:in `process'
    /usr/local/lib/ruby/gems/1.8/gems/actionpack-2.0.2/lib/action_controller/base.rb:388:in `process'
    /usr/local/lib/ruby/gems/1.8/gems/actionpack-2.0.2/lib/action_controller/dispatcher.rb:171:in `handle_request'
    /usr/local/lib/ruby/gems/1.8/gems/actionpack-2.0.2/lib/action_controller/dispatcher.rb:115:in `dispatch'
    /usr/local/lib/ruby/gems/1.8/gems/actionpack-2.0.2/lib/action_controller/dispatcher.rb:126:in `dispatch_cgi'
    /usr/local/lib/ruby/gems/1.8/gems/actionpack-2.0.2/lib/action_controller/dispatcher.rb:9:in `dispatch'
    /usr/local/lib/ruby/gems/1.8/gems/mongrel-1.0.1/lib/mongrel/rails.rb:78:in `process'
    /usr/local/lib/ruby/gems/1.8/gems/mongrel-1.0.1/lib/mongrel/rails.rb:76:in `synchronize'
    /usr/local/lib/ruby/gems/1.8/gems/mongrel-1.0.1/lib/mongrel/rails.rb:76:in `process'
    /usr/local/lib/ruby/gems/1.8/gems/mongrel-1.0.1/lib/mongrel.rb:618:in `process_client'
    /usr/local/lib/ruby/gems/1.8/gems/mongrel-1.0.1/lib/mongrel.rb:617:in `each'
    /usr/local/lib/ruby/gems/1.8/gems/mongrel-1.0.1/lib/mongrel.rb:617:in `process_client'
    /usr/local/lib/ruby/gems/1.8/gems/mongrel-1.0.1/lib/mongrel.rb:736:in `run'
    /usr/local/lib/ruby/gems/1.8/gems/mongrel-1.0.1/lib/mongrel.rb:736:in `initialize'
    /usr/local/lib/ruby/gems/1.8/gems/mongrel-1.0.1/lib/mongrel.rb:736:in `new'
    /usr/local/lib/ruby/gems/1.8/gems/mongrel-1.0.1/lib/mongrel.rb:736:in `run'
    /usr/local/lib/ruby/gems/1.8/gems/mongrel-1.0.1/lib/mongrel.rb:720:in `initialize'
    /usr/local/lib/ruby/gems/1.8/gems/mongrel-1.0.1/lib/mongrel.rb:720:in `new'
    /usr/local/lib/ruby/gems/1.8/gems/mongrel-1.0.1/lib/mongrel.rb:720:in `run'
    /usr/local/lib/ruby/gems/1.8/gems/mongrel-1.0.1/lib/mongrel/configurator.rb:271:in `run'
    /usr/local/lib/ruby/gems/1.8/gems/mongrel-1.0.1/lib/mongrel/configurator.rb:270:in `each'
    /usr/local/lib/ruby/gems/1.8/gems/mongrel-1.0.1/lib/mongrel/configurator.rb:270:in `run'
    /usr/local/lib/ruby/gems/1.8/gems/mongrel-1.0.1/bin/mongrel_rails:127:in `run'
    /usr/local/lib/ruby/gems/1.8/gems/mongrel-1.0.1/lib/mongrel/command.rb:211:in `run'
    /usr/local/lib/ruby/gems/1.8/gems/mongrel-1.0.1/bin/mongrel_rails:243
    /usr/local/lib/ruby/gems/1.8/gems/activesupport-2.0.2/lib/active_support/dependencies.rb:489:in `load'
    /usr/local/lib/ruby/gems/1.8/gems/activesupport-2.0.2/lib/active_support/dependencies.rb:489:in `load'
    /usr/local/lib/ruby/gems/1.8/gems/activesupport-2.0.2/lib/active_support/dependencies.rb:342:in `new_constants_in'
    /usr/local/lib/ruby/gems/1.8/gems/activesupport-2.0.2/lib/active_support/dependencies.rb:489:in `load'
    /usr/local/lib/ruby/gems/1.8/gems/rails-2.0.2/lib/commands/servers/mongrel.rb:64
    /usr/local/lib/ruby/site_ruby/1.8/rubygems/custom_require.rb:27:in `gem_original_require'
    /usr/local/lib/ruby/site_ruby/1.8/rubygems/custom_require.rb:27:in `require'
    /usr/local/lib/ruby/gems/1.8/gems/activesupport-2.0.2/lib/active_support/dependencies.rb:496:in `require'
    /usr/local/lib/ruby/gems/1.8/gems/activesupport-2.0.2/lib/active_support/dependencies.rb:342:in `new_constants_in'
    /usr/local/lib/ruby/gems/1.8/gems/activesupport-2.0.2/lib/active_support/dependencies.rb:496:in `require'
    /usr/local/lib/ruby/gems/1.8/gems/rails-2.0.2/lib/commands/server.rb:39
    /usr/local/lib/ruby/site_ruby/1.8/rubygems/custom_require.rb:27:in `gem_original_require'
    /usr/local/lib/ruby/site_ruby/1.8/rubygems/custom_require.rb:27:in `require'
    script/server:3

Rendering /usr/local/lib/ruby/gems/1.8/gems/actionpack-2.0.2/lib/action_controller/templates/rescues/layout.erb (internal_server_error)


Processing UsersController#index (for 127.0.0.1 at 2008-05-26 20:53:24) [GET]
  Session ID: BAh7BiIKZmxhc2hJQzonQWN0aW9uQ29udHJvbGxlcjo6Rmxhc2g6OkZsYXNo%0ASGFzaHsABjoKQHVzZWR7AA%3D%3D--690c80b8b502233770ce83d29f67f56fbf1e6b00
  Parameters: {"action"=>"index", "controller"=>"users"}
  [4;36;1m (0) (0.001517)[0m   [0;1mSET SQL_AUTO_IS_NULL=0[0m
  [4;35;1m (0) (0.003706)[0m   [0mSHOW TABLES[0m
  [4;36;1mUser Load (0) (0.000000)[0m   [0;1mMysql::Error: #42S02Table 'development.users' doesn't exist: SELECT * FROM `users` [0m


ActiveRecord::StatementInvalid (Mysql::Error: #42S02Table 'development.users' doesn't exist: SELECT * FROM `users`   ):
    /config/initializers/ar_extensions.rb:27:in `log'
    /usr/local/lib/ruby/gems/1.8/gems/activerecord-2.0.2/lib/active_record/connection_adapters/mysql_adapter.rb:281:in `execute'
    /usr/local/lib/ruby/gems/1.8/gems/activerecord-2.0.2/lib/active_record/connection_adapters/mysql_adapter.rb:481:in `select'
    /usr/local/lib/ruby/gems/1.8/gems/activerecord-2.0.2/lib/active_record/connection_adapters/abstract/database_statements.rb:7:in `select_all_without_query_cache'
    /usr/local/lib/ruby/gems/1.8/gems/activerecord-2.0.2/lib/active_record/connection_adapters/abstract/query_cache.rb:53:in `select_all'
    /usr/local/lib/ruby/gems/1.8/gems/activerecord-2.0.2/lib/active_record/connection_adapters/abstract/query_cache.rb:74:in `cache_sql'
    /usr/local/lib/ruby/gems/1.8/gems/activerecord-2.0.2/lib/active_record/connection_adapters/abstract/query_cache.rb:53:in `select_all'
    /usr/local/lib/ruby/gems/1.8/gems/activerecord-2.0.2/lib/active_record/base.rb:532:in `find_by_sql'
    /usr/local/lib/ruby/gems/1.8/gems/activerecord-2.0.2/lib/active_record/base.rb:1233:in `find_every'
    /usr/local/lib/ruby/gems/1.8/gems/activerecord-2.0.2/lib/active_record/base.rb:503:in `find'
    /app/controllers/users_controller.rb:22:in `index'
    /usr/local/lib/ruby/gems/1.8/gems/actionpack-2.0.2/lib/action_controller/base.rb:1158:in `send'
    /usr/local/lib/ruby/gems/1.8/gems/actionpack-2.0.2/lib/action_controller/base.rb:1158:in `perform_action_without_filters'
    /usr/local/lib/ruby/gems/1.8/gems/actionpack-2.0.2/lib/action_controller/filters.rb:697:in `call_filters'
    /usr/local/lib/ruby/gems/1.8/gems/actionpack-2.0.2/lib/action_controller/filters.rb:725:in `run_before_filters'
    /app/controllers/application.rb:34:in `catch_errors'
    /usr/local/lib/ruby/gems/1.8/gems/actionpack-2.0.2/lib/action_controller/filters.rb:469:in `send!'
    /usr/local/lib/ruby/gems/1.8/gems/actionpack-2.0.2/lib/action_controller/filters.rb:469:in `call'
    /usr/local/lib/ruby/gems/1.8/gems/actionpack-2.0.2/lib/action_controller/filters.rb:722:in `run_before_filters'
    /usr/local/lib/ruby/gems/1.8/gems/actionpack-2.0.2/lib/action_controller/filters.rb:695:in `call_filters'
    /usr/local/lib/ruby/gems/1.8/gems/actionpack-2.0.2/lib/action_controller/filters.rb:725:in `run_before_filters'
    /app/controllers/application.rb:28:in `set_timezone'
    /usr/local/lib/ruby/gems/1.8/gems/actionpack-2.0.2/lib/action_controller/filters.rb:469:in `send!'
    /usr/local/lib/ruby/gems/1.8/gems/actionpack-2.0.2/lib/action_controller/filters.rb:469:in `call'
    /usr/local/lib/ruby/gems/1.8/gems/actionpack-2.0.2/lib/action_controller/filters.rb:722:in `run_before_filters'
    /usr/local/lib/ruby/gems/1.8/gems/actionpack-2.0.2/lib/action_controller/filters.rb:695:in `call_filters'
    /usr/local/lib/ruby/gems/1.8/gems/actionpack-2.0.2/lib/action_controller/filters.rb:689:in `perform_action_without_benchmark'
    /usr/local/lib/ruby/gems/1.8/gems/actionpack-2.0.2/lib/action_controller/benchmarking.rb:68:in `perform_action_without_rescue'
    /usr/local/lib/ruby/1.8/benchmark.rb:293:in `measure'
    /usr/local/lib/ruby/gems/1.8/gems/actionpack-2.0.2/lib/action_controller/benchmarking.rb:68:in `perform_action_without_rescue'
    /usr/local/lib/ruby/gems/1.8/gems/actionpack-2.0.2/lib/action_controller/rescue.rb:199:in `perform_action_without_caching'
    /usr/local/lib/ruby/gems/1.8/gems/actionpack-2.0.2/lib/action_controller/caching.rb:678:in `perform_action'
    /usr/local/lib/ruby/gems/1.8/gems/activerecord-2.0.2/lib/active_record/connection_adapters/abstract/query_cache.rb:33:in `cache'
    /usr/local/lib/ruby/gems/1.8/gems/activerecord-2.0.2/lib/active_record/query_cache.rb:8:in `cache'
    /usr/local/lib/ruby/gems/1.8/gems/actionpack-2.0.2/lib/action_controller/caching.rb:677:in `perform_action'
    /usr/local/lib/ruby/gems/1.8/gems/actionpack-2.0.2/lib/action_controller/base.rb:524:in `send'
    /usr/local/lib/ruby/gems/1.8/gems/actionpack-2.0.2/lib/action_controller/base.rb:524:in `process_without_filters'
    /usr/local/lib/ruby/gems/1.8/gems/actionpack-2.0.2/lib/action_controller/filters.rb:685:in `process_without_session_management_support'
    /usr/local/lib/ruby/gems/1.8/gems/actionpack-2.0.2/lib/action_controller/session_management.rb:123:in `process'
    /usr/local/lib/ruby/gems/1.8/gems/actionpack-2.0.2/lib/action_controller/base.rb:388:in `process'
    /usr/local/lib/ruby/gems/1.8/gems/actionpack-2.0.2/lib/action_controller/dispatcher.rb:171:in `handle_request'
    /usr/local/lib/ruby/gems/1.8/gems/actionpack-2.0.2/lib/action_controller/dispatcher.rb:115:in `dispatch'
    /usr/local/lib/ruby/gems/1.8/gems/actionpack-2.0.2/lib/action_controller/dispatcher.rb:126:in `dispatch_cgi'
    /usr/local/lib/ruby/gems/1.8/gems/actionpack-2.0.2/lib/action_controller/dispatcher.rb:9:in `dispatch'
    /usr/local/lib/ruby/gems/1.8/gems/mongrel-1.0.1/lib/mongrel/rails.rb:78:in `process'
    /usr/local/lib/ruby/gems/1.8/gems/mongrel-1.0.1/lib/mongrel/rails.rb:76:in `synchronize'
    /usr/local/lib/ruby/gems/1.8/gems/mongrel-1.0.1/lib/mongrel/rails.rb:76:in `process'
    /usr/local/lib/ruby/gems/1.8/gems/mongrel-1.0.1/lib/mongrel.rb:618:in `process_client'
    /usr/local/lib/ruby/gems/1.8/gems/mongrel-1.0.1/lib/mongrel.rb:617:in `each'
    /usr/local/lib/ruby/gems/1.8/gems/mongrel-1.0.1/lib/mongrel.rb:617:in `process_client'
    /usr/local/lib/ruby/gems/1.8/gems/mongrel-1.0.1/lib/mongrel.rb:736:in `run'
    /usr/local/lib/ruby/gems/1.8/gems/mongrel-1.0.1/lib/mongrel.rb:736:in `initialize'
    /usr/local/lib/ruby/gems/1.8/gems/mongrel-1.0.1/lib/mongrel.rb:736:in `new'
    /usr/local/lib/ruby/gems/1.8/gems/mongrel-1.0.1/lib/mongrel.rb:736:in `run'
    /usr/local/lib/ruby/gems/1.8/gems/mongrel-1.0.1/lib/mongrel.rb:720:in `initialize'
    /usr/local/lib/ruby/gems/1.8/gems/mongrel-1.0.1/lib/mongrel.rb:720:in `new'
    /usr/local/lib/ruby/gems/1.8/gems/mongrel-1.0.1/lib/mongrel.rb:720:in `run'
    /usr/local/lib/ruby/gems/1.8/gems/mongrel-1.0.1/lib/mongrel/configurator.rb:271:in `run'
    /usr/local/lib/ruby/gems/1.8/gems/mongrel-1.0.1/lib/mongrel/configurator.rb:270:in `each'
    /usr/local/lib/ruby/gems/1.8/gems/mongrel-1.0.1/lib/mongrel/configurator.rb:270:in `run'
    /usr/local/lib/ruby/gems/1.8/gems/mongrel-1.0.1/bin/mongrel_rails:127:in `run'
    /usr/local/lib/ruby/gems/1.8/gems/mongrel-1.0.1/lib/mongrel/command.rb:211:in `run'
    /usr/local/lib/ruby/gems/1.8/gems/mongrel-1.0.1/bin/mongrel_rails:243
    /usr/local/lib/ruby/gems/1.8/gems/activesupport-2.0.2/lib/active_support/dependencies.rb:489:in `load'
    /usr/local/lib/ruby/gems/1.8/gems/activesupport-2.0.2/lib/active_support/dependencies.rb:489:in `load'
    /usr/local/lib/ruby/gems/1.8/gems/activesupport-2.0.2/lib/active_support/dependencies.rb:342:in `new_constants_in'
    /usr/local/lib/ruby/gems/1.8/gems/activesupport-2.0.2/lib/active_support/dependencies.rb:489:in `load'
    /usr/local/lib/ruby/gems/1.8/gems/rails-2.0.2/lib/commands/servers/mongrel.rb:64
    /usr/local/lib/ruby/site_ruby/1.8/rubygems/custom_require.rb:27:in `gem_original_require'
    /usr/local/lib/ruby/site_ruby/1.8/rubygems/custom_require.rb:27:in `require'
    /usr/local/lib/ruby/gems/1.8/gems/activesupport-2.0.2/lib/active_support/dependencies.rb:496:in `require'
    /usr/local/lib/ruby/gems/1.8/gems/activesupport-2.0.2/lib/active_support/dependencies.rb:342:in `new_constants_in'
    /usr/local/lib/ruby/gems/1.8/gems/activesupport-2.0.2/lib/active_support/dependencies.rb:496:in `require'
    /usr/local/lib/ruby/gems/1.8/gems/rails-2.0.2/lib/commands/server.rb:39
    /usr/local/lib/ruby/site_ruby/1.8/rubygems/custom_require.rb:27:in `gem_original_require'
    /usr/local/lib/ruby/site_ruby/1.8/rubygems/custom_require.rb:27:in `require'
    script/server:3

Rendering /usr/local/lib/ruby/gems/1.8/gems/actionpack-2.0.2/lib/action_controller/templates/rescues/layout.erb (internal_server_error)
WARNING: You're using the Ruby-based MySQL library that ships with Rails. This library is not suited for production. Please install the C-based MySQL library instead (gem install mysql).
  [4;36;1m (0) (0.000692)[0m   [0;1mSET SQL_AUTO_IS_NULL=0[0m
  [4;35;1m (0) (0.155405)[0m   [0mCREATE TABLE `schema_info` (version int(11))[0m
  [4;36;1m (0) (0.097475)[0m   [0;1mINSERT INTO `schema_info` (version) VALUES(0)[0m
  [4;35;1m (0) (0.000000)[0m   [0mMysql::Error: #42S01Table 'schema_info' already exists: CREATE TABLE `schema_info` (version int(11))[0m
  [4;36;1m (1) (0.001501)[0m   [0;1mSELECT version FROM schema_info[0m
Migrating to CreateUsers (1)
  [4;35;1m (0) (0.000000)[0m   [0mMysql::Error: #42S02Unknown table 'users': DROP TABLE `users`[0m
  [4;36;1m (0) (0.653365)[0m   [0;1mCREATE TABLE `users` (`id` int(11) DEFAULT NULL auto_increment PRIMARY KEY, `login` varchar(255) DEFAULT NULL, `email` varchar(255) DEFAULT NULL, `crypted_password` varchar(40) DEFAULT NULL, `salt` varchar(40) DEFAULT NULL, `created_at` datetime DEFAULT NULL, `updated_at` datetime DEFAULT NULL, `last_login_at` datetime DEFAULT NULL, `remember_token` varchar(255) DEFAULT NULL, `remember_token_expires_at` datetime DEFAULT NULL, `visits_count` int(11) DEFAULT 0, `time_zone` varchar(255) DEFAULT 'Etc/UTC', `permalink` varchar(255) DEFAULT NULL) ENGINE=InnoDB[0m
  [4;35;1m (0) (0.001615)[0m   [0mUPDATE schema_info SET version = 1[0m
  [4;36;1m (1) (0.002271)[0m   [0;1mSELECT version FROM schema_info[0m
Migrating to CreateImages (2)
  [4;35;1m (0) (0.011578)[0m   [0mCREATE TABLE `assets` (`id` int(11) DEFAULT NULL auto_increment PRIMARY KEY, `filename` varchar(255) DEFAULT NULL, `width` int(11) DEFAULT NULL, `height` int(11) DEFAULT NULL, `content_type` varchar(255) DEFAULT NULL, `size` int(11) DEFAULT NULL, `attachable_type` varchar(255) DEFAULT NULL, `attachable_id` int(11) DEFAULT NULL, `updated_at` datetime DEFAULT NULL, `created_at` datetime DEFAULT NULL, `thumbnail` varchar(255) DEFAULT NULL, `parent_id` int(11) DEFAULT NULL) ENGINE=InnoDB[0m
  [4;36;1m (0) (0.001547)[0m   [0;1mUPDATE schema_info SET version = 2[0m
  [4;35;1m (1) (0.003338)[0m   [0mSELECT * FROM schema_info[0m
  [4;36;1m (3) (0.007726)[0m   [0;1mSHOW TABLES[0m
  [4;35;1m (12) (0.062692)[0m   [0mSHOW FIELDS FROM `assets`[0m
  [4;36;1m (12) (0.023168)[0m   [0;1mdescribe `assets`[0m
  [4;35;1m (1) (0.013048)[0m   [0mSHOW KEYS FROM `assets`[0m
  [4;36;1m (13) (0.019941)[0m   [0;1mSHOW FIELDS FROM `users`[0m
  [4;35;1m (13) (0.061845)[0m   [0mdescribe `users`[0m
  [4;36;1m (1) (0.012038)[0m   [0;1mSHOW KEYS FROM `users`[0m


Processing UsersController#index (for 127.0.0.1 at 2008-05-26 20:54:50) [GET]
  Session ID: BAh7BiIKZmxhc2hJQzonQWN0aW9uQ29udHJvbGxlcjo6Rmxhc2g6OkZsYXNo%0ASGFzaHsABjoKQHVzZWR7AA%3D%3D--690c80b8b502233770ce83d29f67f56fbf1e6b00
  Parameters: {"action"=>"index", "controller"=>"users"}
WARNING: You're using the Ruby-based MySQL library that ships with Rails. This library is not suited for production. Please install the C-based MySQL library instead (gem install mysql).
  [4;36;1m (0) (0.000786)[0m   [0;1mSET SQL_AUTO_IS_NULL=0[0m
  [4;35;1m (3) (0.002519)[0m   [0mSHOW TABLES[0m
  [4;36;1mUser Columns (13) (0.013769)[0m   [0;1mSHOW FIELDS FROM `users`[0m
  [4;35;1mUser Load (0) (0.081340)[0m   [0mSELECT * FROM `users` [0m
Rendering template within layouts/application
Rendering users/index


ActionView::TemplateError (undefined local variable or method `new_session_path' for #<ActionView::Base:0x355abc4>) on line #21 of layouts/application.html.erb:
18:       <% if logged_in? %>
19: 				<%= link_to "Logout", session_path, :method => :delete %>
20:       <% else %>
21: 				<%= link_to "Login", new_session_path %>
22:       <% end %>
23:       
24:     <!-- header goes here -->

    app/views/layouts/application.html.erb:21:in `_run_erb_47app47views47layouts47application46html46erb'
    /usr/local/lib/ruby/gems/1.8/gems/actionpack-2.0.2/lib/action_view/base.rb:637:in `send'
    /usr/local/lib/ruby/gems/1.8/gems/actionpack-2.0.2/lib/action_view/base.rb:637:in `compile_and_render_template'
    /usr/local/lib/ruby/gems/1.8/gems/actionpack-2.0.2/lib/action_view/base.rb:365:in `render_template'
    /usr/local/lib/ruby/gems/1.8/gems/actionpack-2.0.2/lib/action_view/base.rb:316:in `render_file'
    /usr/local/lib/ruby/gems/1.8/gems/actionpack-2.0.2/lib/action_controller/layout.rb:268:in `render_without_benchmark'
    /usr/local/lib/ruby/gems/1.8/gems/actionpack-2.0.2/lib/action_controller/benchmarking.rb:51:in `render'
    /usr/local/lib/ruby/1.8/benchmark.rb:293:in `measure'
    /usr/local/lib/ruby/gems/1.8/gems/actionpack-2.0.2/lib/action_controller/benchmarking.rb:51:in `render'
    /usr/local/lib/ruby/gems/1.8/gems/actionpack-2.0.2/lib/action_controller/mime_responds.rb:131:in `send'
    /usr/local/lib/ruby/gems/1.8/gems/actionpack-2.0.2/lib/action_controller/mime_responds.rb:131:in `custom'
    /usr/local/lib/ruby/gems/1.8/gems/actionpack-2.0.2/lib/action_controller/mime_responds.rb:156:in `call'
    /usr/local/lib/ruby/gems/1.8/gems/actionpack-2.0.2/lib/action_controller/mime_responds.rb:156:in `respond'
    /usr/local/lib/ruby/gems/1.8/gems/actionpack-2.0.2/lib/action_controller/mime_responds.rb:150:in `each'
    /usr/local/lib/ruby/gems/1.8/gems/actionpack-2.0.2/lib/action_controller/mime_responds.rb:150:in `respond'
    /usr/local/lib/ruby/gems/1.8/gems/actionpack-2.0.2/lib/action_controller/mime_responds.rb:107:in `respond_to'
    app/controllers/users_controller.rb:24:in `index'
    /usr/local/lib/ruby/gems/1.8/gems/actionpack-2.0.2/lib/action_controller/base.rb:1158:in `send'
    /usr/local/lib/ruby/gems/1.8/gems/actionpack-2.0.2/lib/action_controller/base.rb:1158:in `perform_action_without_filters'
    /usr/local/lib/ruby/gems/1.8/gems/actionpack-2.0.2/lib/action_controller/filters.rb:697:in `call_filters'
    /usr/local/lib/ruby/gems/1.8/gems/actionpack-2.0.2/lib/action_controller/filters.rb:725:in `run_before_filters'
    app/controllers/application.rb:34:in `catch_errors'
    /usr/local/lib/ruby/gems/1.8/gems/actionpack-2.0.2/lib/action_controller/filters.rb:469:in `send!'
    /usr/local/lib/ruby/gems/1.8/gems/actionpack-2.0.2/lib/action_controller/filters.rb:469:in `call'
    /usr/local/lib/ruby/gems/1.8/gems/actionpack-2.0.2/lib/action_controller/filters.rb:722:in `run_before_filters'
    /usr/local/lib/ruby/gems/1.8/gems/actionpack-2.0.2/lib/action_controller/filters.rb:695:in `call_filters'
    /usr/local/lib/ruby/gems/1.8/gems/actionpack-2.0.2/lib/action_controller/filters.rb:725:in `run_before_filters'
    app/controllers/application.rb:28:in `set_timezone'
    /usr/local/lib/ruby/gems/1.8/gems/actionpack-2.0.2/lib/action_controller/filters.rb:469:in `send!'
    /usr/local/lib/ruby/gems/1.8/gems/actionpack-2.0.2/lib/action_controller/filters.rb:469:in `call'
    /usr/local/lib/ruby/gems/1.8/gems/actionpack-2.0.2/lib/action_controller/filters.rb:722:in `run_before_filters'
    /usr/local/lib/ruby/gems/1.8/gems/actionpack-2.0.2/lib/action_controller/filters.rb:695:in `call_filters'
    /usr/local/lib/ruby/gems/1.8/gems/actionpack-2.0.2/lib/action_controller/filters.rb:689:in `perform_action_without_benchmark'
    /usr/local/lib/ruby/gems/1.8/gems/actionpack-2.0.2/lib/action_controller/benchmarking.rb:68:in `perform_action_without_rescue'
    /usr/local/lib/ruby/1.8/benchmark.rb:293:in `measure'
    /usr/local/lib/ruby/gems/1.8/gems/actionpack-2.0.2/lib/action_controller/benchmarking.rb:68:in `perform_action_without_rescue'
    /usr/local/lib/ruby/gems/1.8/gems/actionpack-2.0.2/lib/action_controller/rescue.rb:199:in `perform_action_without_caching'
    /usr/local/lib/ruby/gems/1.8/gems/actionpack-2.0.2/lib/action_controller/caching.rb:678:in `perform_action'
    /usr/local/lib/ruby/gems/1.8/gems/activerecord-2.0.2/lib/active_record/connection_adapters/abstract/query_cache.rb:33:in `cache'
    /usr/local/lib/ruby/gems/1.8/gems/activerecord-2.0.2/lib/active_record/query_cache.rb:8:in `cache'
    /usr/local/lib/ruby/gems/1.8/gems/actionpack-2.0.2/lib/action_controller/caching.rb:677:in `perform_action'
    /usr/local/lib/ruby/gems/1.8/gems/actionpack-2.0.2/lib/action_controller/base.rb:524:in `send'
    /usr/local/lib/ruby/gems/1.8/gems/actionpack-2.0.2/lib/action_controller/base.rb:524:in `process_without_filters'
    /usr/local/lib/ruby/gems/1.8/gems/actionpack-2.0.2/lib/action_controller/filters.rb:685:in `process_without_session_management_support'
    /usr/local/lib/ruby/gems/1.8/gems/actionpack-2.0.2/lib/action_controller/session_management.rb:123:in `process'
    /usr/local/lib/ruby/gems/1.8/gems/actionpack-2.0.2/lib/action_controller/base.rb:388:in `process'
    /usr/local/lib/ruby/gems/1.8/gems/actionpack-2.0.2/lib/action_controller/dispatcher.rb:171:in `handle_request'
    /usr/local/lib/ruby/gems/1.8/gems/actionpack-2.0.2/lib/action_controller/dispatcher.rb:115:in `dispatch'
    /usr/local/lib/ruby/gems/1.8/gems/actionpack-2.0.2/lib/action_controller/dispatcher.rb:126:in `dispatch_cgi'
    /usr/local/lib/ruby/gems/1.8/gems/actionpack-2.0.2/lib/action_controller/dispatcher.rb:9:in `dispatch'
    /usr/local/lib/ruby/gems/1.8/gems/mongrel-1.0.1/lib/mongrel/rails.rb:78:in `process'
    /usr/local/lib/ruby/gems/1.8/gems/mongrel-1.0.1/lib/mongrel/rails.rb:76:in `synchronize'
    /usr/local/lib/ruby/gems/1.8/gems/mongrel-1.0.1/lib/mongrel/rails.rb:76:in `process'
    /usr/local/lib/ruby/gems/1.8/gems/mongrel-1.0.1/lib/mongrel.rb:618:in `process_client'
    /usr/local/lib/ruby/gems/1.8/gems/mongrel-1.0.1/lib/mongrel.rb:617:in `each'
    /usr/local/lib/ruby/gems/1.8/gems/mongrel-1.0.1/lib/mongrel.rb:617:in `process_client'
    /usr/local/lib/ruby/gems/1.8/gems/mongrel-1.0.1/lib/mongrel.rb:736:in `run'
    /usr/local/lib/ruby/gems/1.8/gems/mongrel-1.0.1/lib/mongrel.rb:736:in `initialize'
    /usr/local/lib/ruby/gems/1.8/gems/mongrel-1.0.1/lib/mongrel.rb:736:in `new'
    /usr/local/lib/ruby/gems/1.8/gems/mongrel-1.0.1/lib/mongrel.rb:736:in `run'
    /usr/local/lib/ruby/gems/1.8/gems/mongrel-1.0.1/lib/mongrel.rb:720:in `initialize'
    /usr/local/lib/ruby/gems/1.8/gems/mongrel-1.0.1/lib/mongrel.rb:720:in `new'
    /usr/local/lib/ruby/gems/1.8/gems/mongrel-1.0.1/lib/mongrel.rb:720:in `run'
    /usr/local/lib/ruby/gems/1.8/gems/mongrel-1.0.1/lib/mongrel/configurator.rb:271:in `run'
    /usr/local/lib/ruby/gems/1.8/gems/mongrel-1.0.1/lib/mongrel/configurator.rb:270:in `each'
    /usr/local/lib/ruby/gems/1.8/gems/mongrel-1.0.1/lib/mongrel/configurator.rb:270:in `run'
    /usr/local/lib/ruby/gems/1.8/gems/mongrel-1.0.1/bin/mongrel_rails:127:in `run'
    /usr/local/lib/ruby/gems/1.8/gems/mongrel-1.0.1/lib/mongrel/command.rb:211:in `run'
    /usr/local/lib/ruby/gems/1.8/gems/mongrel-1.0.1/bin/mongrel_rails:243
    /usr/local/lib/ruby/gems/1.8/gems/activesupport-2.0.2/lib/active_support/dependencies.rb:489:in `load'
    /usr/local/lib/ruby/gems/1.8/gems/activesupport-2.0.2/lib/active_support/dependencies.rb:489:in `load'
    /usr/local/lib/ruby/gems/1.8/gems/activesupport-2.0.2/lib/active_support/dependencies.rb:342:in `new_constants_in'
    /usr/local/lib/ruby/gems/1.8/gems/activesupport-2.0.2/lib/active_support/dependencies.rb:489:in `load'
    /usr/local/lib/ruby/gems/1.8/gems/rails-2.0.2/lib/commands/servers/mongrel.rb:64
    /usr/local/lib/ruby/site_ruby/1.8/rubygems/custom_require.rb:27:in `gem_original_require'
    /usr/local/lib/ruby/site_ruby/1.8/rubygems/custom_require.rb:27:in `require'
    /usr/local/lib/ruby/gems/1.8/gems/activesupport-2.0.2/lib/active_support/dependencies.rb:496:in `require'
    /usr/local/lib/ruby/gems/1.8/gems/activesupport-2.0.2/lib/active_support/dependencies.rb:342:in `new_constants_in'
    /usr/local/lib/ruby/gems/1.8/gems/activesupport-2.0.2/lib/active_support/dependencies.rb:496:in `require'
    /usr/local/lib/ruby/gems/1.8/gems/rails-2.0.2/lib/commands/server.rb:39
    /usr/local/lib/ruby/site_ruby/1.8/rubygems/custom_require.rb:27:in `gem_original_require'
    /usr/local/lib/ruby/site_ruby/1.8/rubygems/custom_require.rb:27:in `require'
    script/server:3

Rendering /usr/local/lib/ruby/gems/1.8/gems/actionpack-2.0.2/lib/action_controller/templates/rescues/layout.erb (internal_server_error)
WARNING: You're using the Ruby-based MySQL library that ships with Rails. This library is not suited for production. Please install the C-based MySQL library instead (gem install mysql).
  [4;36;1m (0) (0.000951)[0m   [0;1mSET SQL_AUTO_IS_NULL=0[0m
  [4;35;1m (0) (0.000000)[0m   [0mMysql::Error: #42S01Table 'schema_info' already exists: CREATE TABLE `schema_info` (version int(11))[0m
  [4;36;1m (1) (0.002158)[0m   [0;1mSELECT version FROM schema_info[0m
  [4;35;1m (1) (0.001283)[0m   [0mSELECT version FROM schema_info[0m
  [4;36;1m (1) (0.003830)[0m   [0;1mSELECT * FROM schema_info[0m
  [4;35;1m (3) (0.002234)[0m   [0mSHOW TABLES[0m
  [4;36;1m (12) (0.106535)[0m   [0;1mSHOW FIELDS FROM `assets`[0m
  [4;35;1m (12) (0.014212)[0m   [0mdescribe `assets`[0m
  [4;36;1m (1) (0.007300)[0m   [0;1mSHOW KEYS FROM `assets`[0m
  [4;35;1m (13) (0.014618)[0m   [0mSHOW FIELDS FROM `users`[0m
  [4;36;1m (13) (0.015005)[0m   [0;1mdescribe `users`[0m
  [4;35;1m (1) (0.008468)[0m   [0mSHOW KEYS FROM `users`[0m
  [4;36;1m (0) (0.000992)[0m   [0;1mSET SQL_AUTO_IS_NULL=0[0m
  [4;35;1m (0) (0.268216)[0m   [0mDROP DATABASE IF EXISTS `test`[0m
  [4;36;1m (0) (0.113090)[0m   [0;1mCREATE DATABASE `test` DEFAULT CHARACTER SET `utf8`[0m
  [4;35;1m (0) (0.000726)[0m   [0mSET SQL_AUTO_IS_NULL=0[0m
  [4;36;1m (0) (0.000000)[0m   [0;1mMysql::Error: #42S02Unknown table 'assets': DROP TABLE `assets`[0m
  [4;35;1m (0) (0.123825)[0m   [0mCREATE TABLE `assets` (`id` int(11) DEFAULT NULL auto_increment PRIMARY KEY, `filename` varchar(255) DEFAULT NULL, `width` int(11) DEFAULT NULL, `height` int(11) DEFAULT NULL, `content_type` varchar(255) DEFAULT NULL, `size` int(11) DEFAULT NULL, `attachable_type` varchar(255) DEFAULT NULL, `attachable_id` int(11) DEFAULT NULL, `updated_at` datetime DEFAULT NULL, `created_at` datetime DEFAULT NULL, `thumbnail` varchar(255) DEFAULT NULL, `parent_id` int(11) DEFAULT NULL) ENGINE=InnoDB[0m
  [4;36;1m (0) (0.000000)[0m   [0;1mMysql::Error: #42S02Unknown table 'users': DROP TABLE `users`[0m
  [4;35;1m (0) (0.011245)[0m   [0mCREATE TABLE `users` (`id` int(11) DEFAULT NULL auto_increment PRIMARY KEY, `login` varchar(255) DEFAULT NULL, `email` varchar(255) DEFAULT NULL, `crypted_password` varchar(40) DEFAULT NULL, `salt` varchar(40) DEFAULT NULL, `created_at` datetime DEFAULT NULL, `updated_at` datetime DEFAULT NULL, `last_login_at` datetime DEFAULT NULL, `remember_token` varchar(255) DEFAULT NULL, `remember_token_expires_at` datetime DEFAULT NULL, `visits_count` int(11) DEFAULT 0, `time_zone` varchar(255) DEFAULT 'Etc/UTC', `permalink` varchar(255) DEFAULT NULL) ENGINE=InnoDB[0m
  [4;36;1m (0) (0.009114)[0m   [0;1mCREATE TABLE `schema_info` (version int(11))[0m
  [4;35;1m (0) (0.005338)[0m   [0mINSERT INTO `schema_info` (version) VALUES(0)[0m
  [4;36;1m (1) (0.018882)[0m   [0;1mSHOW FIELDS FROM `schema_info`[0m
  [4;35;1m (0) (0.006814)[0m   [0mUPDATE schema_info SET version = 2[0m
WARNING: You're using the Ruby-based MySQL library that ships with Rails. This library is not suited for production. Please install the C-based MySQL library instead (gem install mysql).
  [4;36;1m (0) (0.000805)[0m   [0;1mSET SQL_AUTO_IS_NULL=0[0m
  [4;35;1m (0) (0.000000)[0m   [0mMysql::Error: #42S01Table 'schema_info' already exists: CREATE TABLE `schema_info` (version int(11))[0m
  [4;36;1m (1) (0.002406)[0m   [0;1mSELECT version FROM schema_info[0m
  [4;35;1m (1) (0.001862)[0m   [0mSELECT version FROM schema_info[0m
  [4;36;1m (1) (0.001673)[0m   [0;1mSELECT * FROM schema_info[0m
  [4;35;1m (3) (0.002869)[0m   [0mSHOW TABLES[0m
  [4;36;1m (12) (0.025734)[0m   [0;1mSHOW FIELDS FROM `assets`[0m
  [4;35;1m (12) (0.052809)[0m   [0mdescribe `assets`[0m
  [4;36;1m (1) (0.007296)[0m   [0;1mSHOW KEYS FROM `assets`[0m
  [4;35;1m (13) (0.016224)[0m   [0mSHOW FIELDS FROM `users`[0m
  [4;36;1m (13) (0.015223)[0m   [0;1mdescribe `users`[0m
  [4;35;1m (1) (0.008003)[0m   [0mSHOW KEYS FROM `users`[0m
  [4;36;1m (0) (0.000677)[0m   [0;1mSET SQL_AUTO_IS_NULL=0[0m
  [4;35;1m (0) (0.061208)[0m   [0mDROP DATABASE IF EXISTS `test`[0m
  [4;36;1m (0) (0.003208)[0m   [0;1mCREATE DATABASE `test` DEFAULT CHARACTER SET `utf8`[0m
  [4;35;1m (0) (0.001223)[0m   [0mSET SQL_AUTO_IS_NULL=0[0m
  [4;36;1m (0) (0.000000)[0m   [0;1mMysql::Error: #42S02Unknown table 'assets': DROP TABLE `assets`[0m
  [4;35;1m (0) (0.097638)[0m   [0mCREATE TABLE `assets` (`id` int(11) DEFAULT NULL auto_increment PRIMARY KEY, `filename` varchar(255) DEFAULT NULL, `width` int(11) DEFAULT NULL, `height` int(11) DEFAULT NULL, `content_type` varchar(255) DEFAULT NULL, `size` int(11) DEFAULT NULL, `attachable_type` varchar(255) DEFAULT NULL, `attachable_id` int(11) DEFAULT NULL, `updated_at` datetime DEFAULT NULL, `created_at` datetime DEFAULT NULL, `thumbnail` varchar(255) DEFAULT NULL, `parent_id` int(11) DEFAULT NULL) ENGINE=InnoDB[0m
  [4;36;1m (0) (0.000000)[0m   [0;1mMysql::Error: #42S02Unknown table 'users': DROP TABLE `users`[0m
  [4;35;1m (0) (0.007116)[0m   [0mCREATE TABLE `users` (`id` int(11) DEFAULT NULL auto_increment PRIMARY KEY, `login` varchar(255) DEFAULT NULL, `email` varchar(255) DEFAULT NULL, `crypted_password` varchar(40) DEFAULT NULL, `salt` varchar(40) DEFAULT NULL, `created_at` datetime DEFAULT NULL, `updated_at` datetime DEFAULT NULL, `last_login_at` datetime DEFAULT NULL, `remember_token` varchar(255) DEFAULT NULL, `remember_token_expires_at` datetime DEFAULT NULL, `visits_count` int(11) DEFAULT 0, `time_zone` varchar(255) DEFAULT 'Etc/UTC', `permalink` varchar(255) DEFAULT NULL) ENGINE=InnoDB[0m
  [4;36;1m (0) (0.005335)[0m   [0;1mCREATE TABLE `schema_info` (version int(11))[0m
  [4;35;1m (0) (0.003701)[0m   [0mINSERT INTO `schema_info` (version) VALUES(0)[0m
  [4;36;1m (1) (0.008053)[0m   [0;1mSHOW FIELDS FROM `schema_info`[0m
  [4;35;1m (0) (0.004387)[0m   [0mUPDATE schema_info SET version = 2[0m
WARNING: You're using the Ruby-based MySQL library that ships with Rails. This library is not suited for production. Please install the C-based MySQL library instead (gem install mysql).
  [4;36;1m (0) (0.000674)[0m   [0;1mSET SQL_AUTO_IS_NULL=0[0m
  [4;35;1m (0) (0.000000)[0m   [0mMysql::Error: #42S01Table 'schema_info' already exists: CREATE TABLE `schema_info` (version int(11))[0m
  [4;36;1m (1) (0.019951)[0m   [0;1mSELECT version FROM schema_info[0m
  [4;35;1m (1) (0.001445)[0m   [0mSELECT version FROM schema_info[0m
  [4;36;1m (1) (0.002008)[0m   [0;1mSELECT * FROM schema_info[0m
  [4;35;1m (3) (0.002558)[0m   [0mSHOW TABLES[0m
  [4;36;1m (12) (0.010648)[0m   [0;1mSHOW FIELDS FROM `assets`[0m
  [4;35;1m (12) (0.016810)[0m   [0mdescribe `assets`[0m
  [4;36;1m (1) (0.007530)[0m   [0;1mSHOW KEYS FROM `assets`[0m
  [4;35;1m (13) (0.013094)[0m   [0mSHOW FIELDS FROM `users`[0m
  [4;36;1m (13) (0.013500)[0m   [0;1mdescribe `users`[0m
  [4;35;1m (1) (0.008980)[0m   [0mSHOW KEYS FROM `users`[0m
  [4;36;1m (0) (0.001045)[0m   [0;1mSET SQL_AUTO_IS_NULL=0[0m
  [4;35;1m (0) (0.087920)[0m   [0mDROP DATABASE IF EXISTS `test`[0m
  [4;36;1m (0) (0.002974)[0m   [0;1mCREATE DATABASE `test` DEFAULT CHARACTER SET `utf8`[0m
  [4;35;1m (0) (0.001001)[0m   [0mSET SQL_AUTO_IS_NULL=0[0m
  [4;36;1m (0) (0.000000)[0m   [0;1mMysql::Error: #42S02Unknown table 'assets': DROP TABLE `assets`[0m
  [4;35;1m (0) (0.007871)[0m   [0mCREATE TABLE `assets` (`id` int(11) DEFAULT NULL auto_increment PRIMARY KEY, `filename` varchar(255) DEFAULT NULL, `width` int(11) DEFAULT NULL, `height` int(11) DEFAULT NULL, `content_type` varchar(255) DEFAULT NULL, `size` int(11) DEFAULT NULL, `attachable_type` varchar(255) DEFAULT NULL, `attachable_id` int(11) DEFAULT NULL, `updated_at` datetime DEFAULT NULL, `created_at` datetime DEFAULT NULL, `thumbnail` varchar(255) DEFAULT NULL, `parent_id` int(11) DEFAULT NULL) ENGINE=InnoDB[0m
  [4;36;1m (0) (0.000000)[0m   [0;1mMysql::Error: #42S02Unknown table 'users': DROP TABLE `users`[0m
  [4;35;1m (0) (0.006569)[0m   [0mCREATE TABLE `users` (`id` int(11) DEFAULT NULL auto_increment PRIMARY KEY, `login` varchar(255) DEFAULT NULL, `email` varchar(255) DEFAULT NULL, `crypted_password` varchar(40) DEFAULT NULL, `salt` varchar(40) DEFAULT NULL, `created_at` datetime DEFAULT NULL, `updated_at` datetime DEFAULT NULL, `last_login_at` datetime DEFAULT NULL, `remember_token` varchar(255) DEFAULT NULL, `remember_token_expires_at` datetime DEFAULT NULL, `visits_count` int(11) DEFAULT 0, `time_zone` varchar(255) DEFAULT 'Etc/UTC', `permalink` varchar(255) DEFAULT NULL) ENGINE=InnoDB[0m
  [4;36;1m (0) (0.005890)[0m   [0;1mCREATE TABLE `schema_info` (version int(11))[0m
  [4;35;1m (0) (0.003302)[0m   [0mINSERT INTO `schema_info` (version) VALUES(0)[0m
  [4;36;1m (1) (0.009410)[0m   [0;1mSHOW FIELDS FROM `schema_info`[0m
  [4;35;1m (0) (0.124317)[0m   [0mUPDATE schema_info SET version = 2[0m


Processing UsersController#index (for 127.0.0.1 at 2008-05-26 21:35:48) [GET]
  Session ID: BAh7BiIKZmxhc2hJQzonQWN0aW9uQ29udHJvbGxlcjo6Rmxhc2g6OkZsYXNo%0ASGFzaHsABjoKQHVzZWR7AA%3D%3D--690c80b8b502233770ce83d29f67f56fbf1e6b00
  Parameters: {"action"=>"index", "controller"=>"users"}
WARNING: You're using the Ruby-based MySQL library that ships with Rails. This library is not suited for production. Please install the C-based MySQL library instead (gem install mysql).
  [4;36;1m (0) (0.000789)[0m   [0;1mSET SQL_AUTO_IS_NULL=0[0m
  [4;35;1m (3) (0.002886)[0m   [0mSHOW TABLES[0m
  [4;36;1mUser Columns (13) (0.050341)[0m   [0;1mSHOW FIELDS FROM `users`[0m
  [4;35;1mUser Load (0) (0.008909)[0m   [0mSELECT * FROM `users` [0m
Rendering template within layouts/application
Rendering users/index


ActionView::TemplateError (undefined local variable or method `new_session_path' for #<ActionView::Base:0x3326fd8>) on line #21 of layouts/application.html.erb:
18:       <% if logged_in? %>
19: 				<%= link_to "Logout", session_path, :method => :delete %>
20:       <% else %>
21: 				<%= link_to "Login", new_session_path %>
22:       <% end %>
23:       
24:     <!-- header goes here -->

    app/views/layouts/application.html.erb:21:in `_run_erb_47app47views47layouts47application46html46erb'
    /usr/local/lib/ruby/gems/1.8/gems/actionpack-2.0.2/lib/action_view/base.rb:637:in `send'
    /usr/local/lib/ruby/gems/1.8/gems/actionpack-2.0.2/lib/action_view/base.rb:637:in `compile_and_render_template'
    /usr/local/lib/ruby/gems/1.8/gems/actionpack-2.0.2/lib/action_view/base.rb:365:in `render_template'
    /usr/local/lib/ruby/gems/1.8/gems/actionpack-2.0.2/lib/action_view/base.rb:316:in `render_file'
    /usr/local/lib/ruby/gems/1.8/gems/actionpack-2.0.2/lib/action_controller/layout.rb:268:in `render_without_benchmark'
    /usr/local/lib/ruby/gems/1.8/gems/actionpack-2.0.2/lib/action_controller/benchmarking.rb:51:in `render'
    /usr/local/lib/ruby/1.8/benchmark.rb:293:in `measure'
    /usr/local/lib/ruby/gems/1.8/gems/actionpack-2.0.2/lib/action_controller/benchmarking.rb:51:in `render'
    /usr/local/lib/ruby/gems/1.8/gems/actionpack-2.0.2/lib/action_controller/mime_responds.rb:131:in `send'
    /usr/local/lib/ruby/gems/1.8/gems/actionpack-2.0.2/lib/action_controller/mime_responds.rb:131:in `custom'
    /usr/local/lib/ruby/gems/1.8/gems/actionpack-2.0.2/lib/action_controller/mime_responds.rb:156:in `call'
    /usr/local/lib/ruby/gems/1.8/gems/actionpack-2.0.2/lib/action_controller/mime_responds.rb:156:in `respond'
    /usr/local/lib/ruby/gems/1.8/gems/actionpack-2.0.2/lib/action_controller/mime_responds.rb:150:in `each'
    /usr/local/lib/ruby/gems/1.8/gems/actionpack-2.0.2/lib/action_controller/mime_responds.rb:150:in `respond'
    /usr/local/lib/ruby/gems/1.8/gems/actionpack-2.0.2/lib/action_controller/mime_responds.rb:107:in `respond_to'
    app/controllers/users_controller.rb:24:in `index'
    /usr/local/lib/ruby/gems/1.8/gems/actionpack-2.0.2/lib/action_controller/base.rb:1158:in `send'
    /usr/local/lib/ruby/gems/1.8/gems/actionpack-2.0.2/lib/action_controller/base.rb:1158:in `perform_action_without_filters'
    /usr/local/lib/ruby/gems/1.8/gems/actionpack-2.0.2/lib/action_controller/filters.rb:697:in `call_filters'
    /usr/local/lib/ruby/gems/1.8/gems/actionpack-2.0.2/lib/action_controller/filters.rb:725:in `run_before_filters'
    app/controllers/application.rb:34:in `catch_errors'
    /usr/local/lib/ruby/gems/1.8/gems/actionpack-2.0.2/lib/action_controller/filters.rb:469:in `send!'
    /usr/local/lib/ruby/gems/1.8/gems/actionpack-2.0.2/lib/action_controller/filters.rb:469:in `call'
    /usr/local/lib/ruby/gems/1.8/gems/actionpack-2.0.2/lib/action_controller/filters.rb:722:in `run_before_filters'
    /usr/local/lib/ruby/gems/1.8/gems/actionpack-2.0.2/lib/action_controller/filters.rb:695:in `call_filters'
    /usr/local/lib/ruby/gems/1.8/gems/actionpack-2.0.2/lib/action_controller/filters.rb:725:in `run_before_filters'
    app/controllers/application.rb:28:in `set_timezone'
    /usr/local/lib/ruby/gems/1.8/gems/actionpack-2.0.2/lib/action_controller/filters.rb:469:in `send!'
    /usr/local/lib/ruby/gems/1.8/gems/actionpack-2.0.2/lib/action_controller/filters.rb:469:in `call'
    /usr/local/lib/ruby/gems/1.8/gems/actionpack-2.0.2/lib/action_controller/filters.rb:722:in `run_before_filters'
    /usr/local/lib/ruby/gems/1.8/gems/actionpack-2.0.2/lib/action_controller/filters.rb:695:in `call_filters'
    /usr/local/lib/ruby/gems/1.8/gems/actionpack-2.0.2/lib/action_controller/filters.rb:689:in `perform_action_without_benchmark'
    /usr/local/lib/ruby/gems/1.8/gems/actionpack-2.0.2/lib/action_controller/benchmarking.rb:68:in `perform_action_without_rescue'
    /usr/local/lib/ruby/1.8/benchmark.rb:293:in `measure'
    /usr/local/lib/ruby/gems/1.8/gems/actionpack-2.0.2/lib/action_controller/benchmarking.rb:68:in `perform_action_without_rescue'
    /usr/local/lib/ruby/gems/1.8/gems/actionpack-2.0.2/lib/action_controller/rescue.rb:199:in `perform_action_without_caching'
    /usr/local/lib/ruby/gems/1.8/gems/actionpack-2.0.2/lib/action_controller/caching.rb:678:in `perform_action'
    /usr/local/lib/ruby/gems/1.8/gems/activerecord-2.0.2/lib/active_record/connection_adapters/abstract/query_cache.rb:33:in `cache'
    /usr/local/lib/ruby/gems/1.8/gems/activerecord-2.0.2/lib/active_record/query_cache.rb:8:in `cache'
    /usr/local/lib/ruby/gems/1.8/gems/actionpack-2.0.2/lib/action_controller/caching.rb:677:in `perform_action'
    /usr/local/lib/ruby/gems/1.8/gems/actionpack-2.0.2/lib/action_controller/base.rb:524:in `send'
    /usr/local/lib/ruby/gems/1.8/gems/actionpack-2.0.2/lib/action_controller/base.rb:524:in `process_without_filters'
    /usr/local/lib/ruby/gems/1.8/gems/actionpack-2.0.2/lib/action_controller/filters.rb:685:in `process_without_session_management_support'
    /usr/local/lib/ruby/gems/1.8/gems/actionpack-2.0.2/lib/action_controller/session_management.rb:123:in `process'
    /usr/local/lib/ruby/gems/1.8/gems/actionpack-2.0.2/lib/action_controller/base.rb:388:in `process'
    /usr/local/lib/ruby/gems/1.8/gems/actionpack-2.0.2/lib/action_controller/dispatcher.rb:171:in `handle_request'
    /usr/local/lib/ruby/gems/1.8/gems/actionpack-2.0.2/lib/action_controller/dispatcher.rb:115:in `dispatch'
    /usr/local/lib/ruby/gems/1.8/gems/actionpack-2.0.2/lib/action_controller/dispatcher.rb:126:in `dispatch_cgi'
    /usr/local/lib/ruby/gems/1.8/gems/actionpack-2.0.2/lib/action_controller/dispatcher.rb:9:in `dispatch'
    /usr/local/lib/ruby/gems/1.8/gems/mongrel-1.0.1/lib/mongrel/rails.rb:78:in `process'
    /usr/local/lib/ruby/gems/1.8/gems/mongrel-1.0.1/lib/mongrel/rails.rb:76:in `synchronize'
    /usr/local/lib/ruby/gems/1.8/gems/mongrel-1.0.1/lib/mongrel/rails.rb:76:in `process'
    /usr/local/lib/ruby/gems/1.8/gems/mongrel-1.0.1/lib/mongrel.rb:618:in `process_client'
    /usr/local/lib/ruby/gems/1.8/gems/mongrel-1.0.1/lib/mongrel.rb:617:in `each'
    /usr/local/lib/ruby/gems/1.8/gems/mongrel-1.0.1/lib/mongrel.rb:617:in `process_client'
    /usr/local/lib/ruby/gems/1.8/gems/mongrel-1.0.1/lib/mongrel.rb:736:in `run'
    /usr/local/lib/ruby/gems/1.8/gems/mongrel-1.0.1/lib/mongrel.rb:736:in `initialize'
    /usr/local/lib/ruby/gems/1.8/gems/mongrel-1.0.1/lib/mongrel.rb:736:in `new'
    /usr/local/lib/ruby/gems/1.8/gems/mongrel-1.0.1/lib/mongrel.rb:736:in `run'
    /usr/local/lib/ruby/gems/1.8/gems/mongrel-1.0.1/lib/mongrel.rb:720:in `initialize'
    /usr/local/lib/ruby/gems/1.8/gems/mongrel-1.0.1/lib/mongrel.rb:720:in `new'
    /usr/local/lib/ruby/gems/1.8/gems/mongrel-1.0.1/lib/mongrel.rb:720:in `run'
    /usr/local/lib/ruby/gems/1.8/gems/mongrel-1.0.1/lib/mongrel/configurator.rb:271:in `run'
    /usr/local/lib/ruby/gems/1.8/gems/mongrel-1.0.1/lib/mongrel/configurator.rb:270:in `each'
    /usr/local/lib/ruby/gems/1.8/gems/mongrel-1.0.1/lib/mongrel/configurator.rb:270:in `run'
    /usr/local/lib/ruby/gems/1.8/gems/mongrel-1.0.1/bin/mongrel_rails:127:in `run'
    /usr/local/lib/ruby/gems/1.8/gems/mongrel-1.0.1/lib/mongrel/command.rb:211:in `run'
    /usr/local/lib/ruby/gems/1.8/gems/mongrel-1.0.1/bin/mongrel_rails:243
    /usr/local/lib/ruby/gems/1.8/gems/activesupport-2.0.2/lib/active_support/dependencies.rb:489:in `load'
    /usr/local/lib/ruby/gems/1.8/gems/activesupport-2.0.2/lib/active_support/dependencies.rb:489:in `load'
    /usr/local/lib/ruby/gems/1.8/gems/activesupport-2.0.2/lib/active_support/dependencies.rb:342:in `new_constants_in'
    /usr/local/lib/ruby/gems/1.8/gems/activesupport-2.0.2/lib/active_support/dependencies.rb:489:in `load'
    /usr/local/lib/ruby/gems/1.8/gems/rails-2.0.2/lib/commands/servers/mongrel.rb:64
    /usr/local/lib/ruby/site_ruby/1.8/rubygems/custom_require.rb:27:in `gem_original_require'
    /usr/local/lib/ruby/site_ruby/1.8/rubygems/custom_require.rb:27:in `require'
    /usr/local/lib/ruby/gems/1.8/gems/activesupport-2.0.2/lib/active_support/dependencies.rb:496:in `require'
    /usr/local/lib/ruby/gems/1.8/gems/activesupport-2.0.2/lib/active_support/dependencies.rb:342:in `new_constants_in'
    /usr/local/lib/ruby/gems/1.8/gems/activesupport-2.0.2/lib/active_support/dependencies.rb:496:in `require'
    /usr/local/lib/ruby/gems/1.8/gems/rails-2.0.2/lib/commands/server.rb:39
    /usr/local/lib/ruby/site_ruby/1.8/rubygems/custom_require.rb:27:in `gem_original_require'
    /usr/local/lib/ruby/site_ruby/1.8/rubygems/custom_require.rb:27:in `require'
    script/server:3

Rendering /usr/local/lib/ruby/gems/1.8/gems/actionpack-2.0.2/lib/action_controller/templates/rescues/layout.erb (internal_server_error)


Processing UsersController#index (for 127.0.0.1 at 2008-05-26 21:40:29) [GET]
  Session ID: BAh7BiIKZmxhc2hJQzonQWN0aW9uQ29udHJvbGxlcjo6Rmxhc2g6OkZsYXNo%0ASGFzaHsABjoKQHVzZWR7AA%3D%3D--690c80b8b502233770ce83d29f67f56fbf1e6b00
  Parameters: {"action"=>"index", "controller"=>"users"}
  [4;36;1m (3) (0.003678)[0m   [0;1mSHOW TABLES[0m
  [4;35;1mUser Columns (13) (0.012046)[0m   [0mSHOW FIELDS FROM `users`[0m
  [4;36;1mUser Load (0) (0.006643)[0m   [0;1mSELECT * FROM `users` [0m
Rendering template within layouts/application
Rendering users/index
Completed in 0.12030 (8 reqs/sec) | Rendering: 0.01625 (13%) | DB: 0.02237 (18%) | 200 OK [http://localhost/]


Processing UsersController#index (for 127.0.0.1 at 2008-05-26 21:51:23) [GET]
  Session ID: BAh7BiIKZmxhc2hJQzonQWN0aW9uQ29udHJvbGxlcjo6Rmxhc2g6OkZsYXNo%0ASGFzaHsABjoKQHVzZWR7AA%3D%3D--690c80b8b502233770ce83d29f67f56fbf1e6b00
  Parameters: {"action"=>"index", "controller"=>"users"}
  [4;35;1m (3) (0.006154)[0m   [0mSHOW TABLES[0m
  [4;36;1mUser Columns (13) (0.014168)[0m   [0;1mSHOW FIELDS FROM `users`[0m
  [4;35;1mUser Load (0) (0.005269)[0m   [0mSELECT * FROM `users` [0m
Rendering template within layouts/application
Rendering users/index


ActionView::TemplateError (undefined local variable or method `new_session_path' for #<ActionView::Base:0x2fbaf98>) on line #21 of layouts/application.html.erb:
18:       <% if logged_in? %>
19: 				<%= link_to "Logout", session_path, :method => :delete %>
20:       <% else %>
21: 				<% link_to "Login", new_session_path %>
22:       <% end %>
23:       
24:     <!-- header goes here -->

    app/views/layouts/application.html.erb:21:in `_run_erb_47app47views47layouts47application46html46erb'
    /usr/local/lib/ruby/gems/1.8/gems/actionpack-2.0.2/lib/action_view/base.rb:637:in `send'
    /usr/local/lib/ruby/gems/1.8/gems/actionpack-2.0.2/lib/action_view/base.rb:637:in `compile_and_render_template'
    /usr/local/lib/ruby/gems/1.8/gems/actionpack-2.0.2/lib/action_view/base.rb:365:in `render_template'
    /usr/local/lib/ruby/gems/1.8/gems/actionpack-2.0.2/lib/action_view/base.rb:316:in `render_file'
    /usr/local/lib/ruby/gems/1.8/gems/actionpack-2.0.2/lib/action_controller/layout.rb:268:in `render_without_benchmark'
    /usr/local/lib/ruby/gems/1.8/gems/actionpack-2.0.2/lib/action_controller/benchmarking.rb:51:in `render'
    /usr/local/lib/ruby/1.8/benchmark.rb:293:in `measure'
    /usr/local/lib/ruby/gems/1.8/gems/actionpack-2.0.2/lib/action_controller/benchmarking.rb:51:in `render'
    /usr/local/lib/ruby/gems/1.8/gems/actionpack-2.0.2/lib/action_controller/mime_responds.rb:131:in `send'
    /usr/local/lib/ruby/gems/1.8/gems/actionpack-2.0.2/lib/action_controller/mime_responds.rb:131:in `custom'
    /usr/local/lib/ruby/gems/1.8/gems/actionpack-2.0.2/lib/action_controller/mime_responds.rb:156:in `call'
    /usr/local/lib/ruby/gems/1.8/gems/actionpack-2.0.2/lib/action_controller/mime_responds.rb:156:in `respond'
    /usr/local/lib/ruby/gems/1.8/gems/actionpack-2.0.2/lib/action_controller/mime_responds.rb:150:in `each'
    /usr/local/lib/ruby/gems/1.8/gems/actionpack-2.0.2/lib/action_controller/mime_responds.rb:150:in `respond'
    /usr/local/lib/ruby/gems/1.8/gems/actionpack-2.0.2/lib/action_controller/mime_responds.rb:107:in `respond_to'
    app/controllers/users_controller.rb:24:in `index'
    /usr/local/lib/ruby/gems/1.8/gems/actionpack-2.0.2/lib/action_controller/base.rb:1158:in `send'
    /usr/local/lib/ruby/gems/1.8/gems/actionpack-2.0.2/lib/action_controller/base.rb:1158:in `perform_action_without_filters'
    /usr/local/lib/ruby/gems/1.8/gems/actionpack-2.0.2/lib/action_controller/filters.rb:697:in `call_filters'
    /usr/local/lib/ruby/gems/1.8/gems/actionpack-2.0.2/lib/action_controller/filters.rb:725:in `run_before_filters'
    app/controllers/application.rb:34:in `catch_errors'
    /usr/local/lib/ruby/gems/1.8/gems/actionpack-2.0.2/lib/action_controller/filters.rb:469:in `send!'
    /usr/local/lib/ruby/gems/1.8/gems/actionpack-2.0.2/lib/action_controller/filters.rb:469:in `call'
    /usr/local/lib/ruby/gems/1.8/gems/actionpack-2.0.2/lib/action_controller/filters.rb:722:in `run_before_filters'
    /usr/local/lib/ruby/gems/1.8/gems/actionpack-2.0.2/lib/action_controller/filters.rb:695:in `call_filters'
    /usr/local/lib/ruby/gems/1.8/gems/actionpack-2.0.2/lib/action_controller/filters.rb:725:in `run_before_filters'
    app/controllers/application.rb:28:in `set_timezone'
    /usr/local/lib/ruby/gems/1.8/gems/actionpack-2.0.2/lib/action_controller/filters.rb:469:in `send!'
    /usr/local/lib/ruby/gems/1.8/gems/actionpack-2.0.2/lib/action_controller/filters.rb:469:in `call'
    /usr/local/lib/ruby/gems/1.8/gems/actionpack-2.0.2/lib/action_controller/filters.rb:722:in `run_before_filters'
    /usr/local/lib/ruby/gems/1.8/gems/actionpack-2.0.2/lib/action_controller/filters.rb:695:in `call_filters'
    /usr/local/lib/ruby/gems/1.8/gems/actionpack-2.0.2/lib/action_controller/filters.rb:689:in `perform_action_without_benchmark'
    /usr/local/lib/ruby/gems/1.8/gems/actionpack-2.0.2/lib/action_controller/benchmarking.rb:68:in `perform_action_without_rescue'
    /usr/local/lib/ruby/1.8/benchmark.rb:293:in `measure'
    /usr/local/lib/ruby/gems/1.8/gems/actionpack-2.0.2/lib/action_controller/benchmarking.rb:68:in `perform_action_without_rescue'
    /usr/local/lib/ruby/gems/1.8/gems/actionpack-2.0.2/lib/action_controller/rescue.rb:199:in `perform_action_without_caching'
    /usr/local/lib/ruby/gems/1.8/gems/actionpack-2.0.2/lib/action_controller/caching.rb:678:in `perform_action'
    /usr/local/lib/ruby/gems/1.8/gems/activerecord-2.0.2/lib/active_record/connection_adapters/abstract/query_cache.rb:33:in `cache'
    /usr/local/lib/ruby/gems/1.8/gems/activerecord-2.0.2/lib/active_record/query_cache.rb:8:in `cache'
    /usr/local/lib/ruby/gems/1.8/gems/actionpack-2.0.2/lib/action_controller/caching.rb:677:in `perform_action'
    /usr/local/lib/ruby/gems/1.8/gems/actionpack-2.0.2/lib/action_controller/base.rb:524:in `send'
    /usr/local/lib/ruby/gems/1.8/gems/actionpack-2.0.2/lib/action_controller/base.rb:524:in `process_without_filters'
    /usr/local/lib/ruby/gems/1.8/gems/actionpack-2.0.2/lib/action_controller/filters.rb:685:in `process_without_session_management_support'
    /usr/local/lib/ruby/gems/1.8/gems/actionpack-2.0.2/lib/action_controller/session_management.rb:123:in `process'
    /usr/local/lib/ruby/gems/1.8/gems/actionpack-2.0.2/lib/action_controller/base.rb:388:in `process'
    /usr/local/lib/ruby/gems/1.8/gems/actionpack-2.0.2/lib/action_controller/dispatcher.rb:171:in `handle_request'
    /usr/local/lib/ruby/gems/1.8/gems/actionpack-2.0.2/lib/action_controller/dispatcher.rb:115:in `dispatch'
    /usr/local/lib/ruby/gems/1.8/gems/actionpack-2.0.2/lib/action_controller/dispatcher.rb:126:in `dispatch_cgi'
    /usr/local/lib/ruby/gems/1.8/gems/actionpack-2.0.2/lib/action_controller/dispatcher.rb:9:in `dispatch'
    /usr/local/lib/ruby/gems/1.8/gems/mongrel-1.0.1/lib/mongrel/rails.rb:78:in `process'
    /usr/local/lib/ruby/gems/1.8/gems/mongrel-1.0.1/lib/mongrel/rails.rb:76:in `synchronize'
    /usr/local/lib/ruby/gems/1.8/gems/mongrel-1.0.1/lib/mongrel/rails.rb:76:in `process'
    /usr/local/lib/ruby/gems/1.8/gems/mongrel-1.0.1/lib/mongrel.rb:618:in `process_client'
    /usr/local/lib/ruby/gems/1.8/gems/mongrel-1.0.1/lib/mongrel.rb:617:in `each'
    /usr/local/lib/ruby/gems/1.8/gems/mongrel-1.0.1/lib/mongrel.rb:617:in `process_client'
    /usr/local/lib/ruby/gems/1.8/gems/mongrel-1.0.1/lib/mongrel.rb:736:in `run'
    /usr/local/lib/ruby/gems/1.8/gems/mongrel-1.0.1/lib/mongrel.rb:736:in `initialize'
    /usr/local/lib/ruby/gems/1.8/gems/mongrel-1.0.1/lib/mongrel.rb:736:in `new'
    /usr/local/lib/ruby/gems/1.8/gems/mongrel-1.0.1/lib/mongrel.rb:736:in `run'
    /usr/local/lib/ruby/gems/1.8/gems/mongrel-1.0.1/lib/mongrel.rb:720:in `initialize'
    /usr/local/lib/ruby/gems/1.8/gems/mongrel-1.0.1/lib/mongrel.rb:720:in `new'
    /usr/local/lib/ruby/gems/1.8/gems/mongrel-1.0.1/lib/mongrel.rb:720:in `run'
    /usr/local/lib/ruby/gems/1.8/gems/mongrel-1.0.1/lib/mongrel/configurator.rb:271:in `run'
    /usr/local/lib/ruby/gems/1.8/gems/mongrel-1.0.1/lib/mongrel/configurator.rb:270:in `each'
    /usr/local/lib/ruby/gems/1.8/gems/mongrel-1.0.1/lib/mongrel/configurator.rb:270:in `run'
    /usr/local/lib/ruby/gems/1.8/gems/mongrel-1.0.1/bin/mongrel_rails:127:in `run'
    /usr/local/lib/ruby/gems/1.8/gems/mongrel-1.0.1/lib/mongrel/command.rb:211:in `run'
    /usr/local/lib/ruby/gems/1.8/gems/mongrel-1.0.1/bin/mongrel_rails:243
    /usr/local/lib/ruby/gems/1.8/gems/activesupport-2.0.2/lib/active_support/dependencies.rb:489:in `load'
    /usr/local/lib/ruby/gems/1.8/gems/activesupport-2.0.2/lib/active_support/dependencies.rb:489:in `load'
    /usr/local/lib/ruby/gems/1.8/gems/activesupport-2.0.2/lib/active_support/dependencies.rb:342:in `new_constants_in'
    /usr/local/lib/ruby/gems/1.8/gems/activesupport-2.0.2/lib/active_support/dependencies.rb:489:in `load'
    /usr/local/lib/ruby/gems/1.8/gems/rails-2.0.2/lib/commands/servers/mongrel.rb:64
    /usr/local/lib/ruby/site_ruby/1.8/rubygems/custom_require.rb:27:in `gem_original_require'
    /usr/local/lib/ruby/site_ruby/1.8/rubygems/custom_require.rb:27:in `require'
    /usr/local/lib/ruby/gems/1.8/gems/activesupport-2.0.2/lib/active_support/dependencies.rb:496:in `require'
    /usr/local/lib/ruby/gems/1.8/gems/activesupport-2.0.2/lib/active_support/dependencies.rb:342:in `new_constants_in'
    /usr/local/lib/ruby/gems/1.8/gems/activesupport-2.0.2/lib/active_support/dependencies.rb:496:in `require'
    /usr/local/lib/ruby/gems/1.8/gems/rails-2.0.2/lib/commands/server.rb:39
    /usr/local/lib/ruby/site_ruby/1.8/rubygems/custom_require.rb:27:in `gem_original_require'
    /usr/local/lib/ruby/site_ruby/1.8/rubygems/custom_require.rb:27:in `require'
    script/server:3

Rendering /usr/local/lib/ruby/gems/1.8/gems/actionpack-2.0.2/lib/action_controller/templates/rescues/layout.erb (internal_server_error)


Processing SessionsController#new (for 127.0.0.1 at 2008-05-26 22:07:51) [GET]
  Session ID: BAh7BiIKZmxhc2hJQzonQWN0aW9uQ29udHJvbGxlcjo6Rmxhc2g6OkZsYXNo%0ASGFzaHsABjoKQHVzZWR7AA%3D%3D--690c80b8b502233770ce83d29f67f56fbf1e6b00
  Parameters: {"action"=>"new", "controller"=>"sessions"}
Rendering template within layouts/application
Rendering sessions/new


ActionView::TemplateError (undefined local variable or method `session_path' for #<ActionView::Base:0x332762c>) on line #8 of sessions/new.html.erb:
5: }
6: </style>
7: 
8:   <% form_tag(session_path) do -%>
9:     <h2>Login</h2>
10:     <p><label for="login">Login</label>
11:     <%= text_field_tag 'login' %></p>

    app/views/sessions/new.html.erb:8:in `_run_erb_47app47views47sessions47new46html46erb'
    /usr/local/lib/ruby/gems/1.8/gems/actionpack-2.0.2/lib/action_view/base.rb:637:in `send'
    /usr/local/lib/ruby/gems/1.8/gems/actionpack-2.0.2/lib/action_view/base.rb:637:in `compile_and_render_template'
    /usr/local/lib/ruby/gems/1.8/gems/actionpack-2.0.2/lib/action_view/base.rb:365:in `render_template'
    /usr/local/lib/ruby/gems/1.8/gems/actionpack-2.0.2/lib/action_view/base.rb:316:in `render_file'
    /usr/local/lib/ruby/gems/1.8/gems/actionpack-2.0.2/lib/action_controller/base.rb:1100:in `render_for_file'
    /usr/local/lib/ruby/gems/1.8/gems/actionpack-2.0.2/lib/action_controller/base.rb:836:in `render_with_no_layout'
    /usr/local/lib/ruby/gems/1.8/gems/actionpack-2.0.2/lib/action_controller/layout.rb:262:in `render_without_benchmark'
    /usr/local/lib/ruby/gems/1.8/gems/actionpack-2.0.2/lib/action_controller/benchmarking.rb:51:in `render'
    /usr/local/lib/ruby/1.8/benchmark.rb:293:in `measure'
    /usr/local/lib/ruby/gems/1.8/gems/actionpack-2.0.2/lib/action_controller/benchmarking.rb:51:in `render'
    /usr/local/lib/ruby/gems/1.8/gems/actionpack-2.0.2/lib/action_controller/base.rb:1153:in `default_render'
    /usr/local/lib/ruby/gems/1.8/gems/actionpack-2.0.2/lib/action_controller/base.rb:1159:in `perform_action_without_filters'
    /usr/local/lib/ruby/gems/1.8/gems/actionpack-2.0.2/lib/action_controller/filters.rb:697:in `call_filters'
    /usr/local/lib/ruby/gems/1.8/gems/actionpack-2.0.2/lib/action_controller/filters.rb:725:in `run_before_filters'
    app/controllers/application.rb:34:in `catch_errors'
    /usr/local/lib/ruby/gems/1.8/gems/actionpack-2.0.2/lib/action_controller/filters.rb:469:in `send!'
    /usr/local/lib/ruby/gems/1.8/gems/actionpack-2.0.2/lib/action_controller/filters.rb:469:in `call'
    /usr/local/lib/ruby/gems/1.8/gems/actionpack-2.0.2/lib/action_controller/filters.rb:722:in `run_before_filters'
    /usr/local/lib/ruby/gems/1.8/gems/actionpack-2.0.2/lib/action_controller/filters.rb:695:in `call_filters'
    /usr/local/lib/ruby/gems/1.8/gems/actionpack-2.0.2/lib/action_controller/filters.rb:725:in `run_before_filters'
    app/controllers/application.rb:28:in `set_timezone'
    /usr/local/lib/ruby/gems/1.8/gems/actionpack-2.0.2/lib/action_controller/filters.rb:469:in `send!'
    /usr/local/lib/ruby/gems/1.8/gems/actionpack-2.0.2/lib/action_controller/filters.rb:469:in `call'
    /usr/local/lib/ruby/gems/1.8/gems/actionpack-2.0.2/lib/action_controller/filters.rb:722:in `run_before_filters'
    /usr/local/lib/ruby/gems/1.8/gems/actionpack-2.0.2/lib/action_controller/filters.rb:695:in `call_filters'
    /usr/local/lib/ruby/gems/1.8/gems/actionpack-2.0.2/lib/action_controller/filters.rb:689:in `perform_action_without_benchmark'
    /usr/local/lib/ruby/gems/1.8/gems/actionpack-2.0.2/lib/action_controller/benchmarking.rb:68:in `perform_action_without_rescue'
    /usr/local/lib/ruby/1.8/benchmark.rb:293:in `measure'
    /usr/local/lib/ruby/gems/1.8/gems/actionpack-2.0.2/lib/action_controller/benchmarking.rb:68:in `perform_action_without_rescue'
    /usr/local/lib/ruby/gems/1.8/gems/actionpack-2.0.2/lib/action_controller/rescue.rb:199:in `perform_action_without_caching'
    /usr/local/lib/ruby/gems/1.8/gems/actionpack-2.0.2/lib/action_controller/caching.rb:678:in `perform_action'
    /usr/local/lib/ruby/gems/1.8/gems/activerecord-2.0.2/lib/active_record/connection_adapters/abstract/query_cache.rb:33:in `cache'
    /usr/local/lib/ruby/gems/1.8/gems/activerecord-2.0.2/lib/active_record/query_cache.rb:8:in `cache'
    /usr/local/lib/ruby/gems/1.8/gems/actionpack-2.0.2/lib/action_controller/caching.rb:677:in `perform_action'
    /usr/local/lib/ruby/gems/1.8/gems/actionpack-2.0.2/lib/action_controller/base.rb:524:in `send'
    /usr/local/lib/ruby/gems/1.8/gems/actionpack-2.0.2/lib/action_controller/base.rb:524:in `process_without_filters'
    /usr/local/lib/ruby/gems/1.8/gems/actionpack-2.0.2/lib/action_controller/filters.rb:685:in `process_without_session_management_support'
    /usr/local/lib/ruby/gems/1.8/gems/actionpack-2.0.2/lib/action_controller/session_management.rb:123:in `process'
    /usr/local/lib/ruby/gems/1.8/gems/actionpack-2.0.2/lib/action_controller/base.rb:388:in `process'
    /usr/local/lib/ruby/gems/1.8/gems/actionpack-2.0.2/lib/action_controller/dispatcher.rb:171:in `handle_request'
    /usr/local/lib/ruby/gems/1.8/gems/actionpack-2.0.2/lib/action_controller/dispatcher.rb:115:in `dispatch'
    /usr/local/lib/ruby/gems/1.8/gems/actionpack-2.0.2/lib/action_controller/dispatcher.rb:126:in `dispatch_cgi'
    /usr/local/lib/ruby/gems/1.8/gems/actionpack-2.0.2/lib/action_controller/dispatcher.rb:9:in `dispatch'
    /usr/local/lib/ruby/gems/1.8/gems/mongrel-1.0.1/lib/mongrel/rails.rb:78:in `process'
    /usr/local/lib/ruby/gems/1.8/gems/mongrel-1.0.1/lib/mongrel/rails.rb:76:in `synchronize'
    /usr/local/lib/ruby/gems/1.8/gems/mongrel-1.0.1/lib/mongrel/rails.rb:76:in `process'
    /usr/local/lib/ruby/gems/1.8/gems/mongrel-1.0.1/lib/mongrel.rb:618:in `process_client'
    /usr/local/lib/ruby/gems/1.8/gems/mongrel-1.0.1/lib/mongrel.rb:617:in `each'
    /usr/local/lib/ruby/gems/1.8/gems/mongrel-1.0.1/lib/mongrel.rb:617:in `process_client'
    /usr/local/lib/ruby/gems/1.8/gems/mongrel-1.0.1/lib/mongrel.rb:736:in `run'
    /usr/local/lib/ruby/gems/1.8/gems/mongrel-1.0.1/lib/mongrel.rb:736:in `initialize'
    /usr/local/lib/ruby/gems/1.8/gems/mongrel-1.0.1/lib/mongrel.rb:736:in `new'
    /usr/local/lib/ruby/gems/1.8/gems/mongrel-1.0.1/lib/mongrel.rb:736:in `run'
    /usr/local/lib/ruby/gems/1.8/gems/mongrel-1.0.1/lib/mongrel.rb:720:in `initialize'
    /usr/local/lib/ruby/gems/1.8/gems/mongrel-1.0.1/lib/mongrel.rb:720:in `new'
    /usr/local/lib/ruby/gems/1.8/gems/mongrel-1.0.1/lib/mongrel.rb:720:in `run'
    /usr/local/lib/ruby/gems/1.8/gems/mongrel-1.0.1/lib/mongrel/configurator.rb:271:in `run'
    /usr/local/lib/ruby/gems/1.8/gems/mongrel-1.0.1/lib/mongrel/configurator.rb:270:in `each'
    /usr/local/lib/ruby/gems/1.8/gems/mongrel-1.0.1/lib/mongrel/configurator.rb:270:in `run'
    /usr/local/lib/ruby/gems/1.8/gems/mongrel-1.0.1/bin/mongrel_rails:127:in `run'
    /usr/local/lib/ruby/gems/1.8/gems/mongrel-1.0.1/lib/mongrel/command.rb:211:in `run'
    /usr/local/lib/ruby/gems/1.8/gems/mongrel-1.0.1/bin/mongrel_rails:243
    /usr/local/lib/ruby/gems/1.8/gems/activesupport-2.0.2/lib/active_support/dependencies.rb:489:in `load'
    /usr/local/lib/ruby/gems/1.8/gems/activesupport-2.0.2/lib/active_support/dependencies.rb:489:in `load'
    /usr/local/lib/ruby/gems/1.8/gems/activesupport-2.0.2/lib/active_support/dependencies.rb:342:in `new_constants_in'
    /usr/local/lib/ruby/gems/1.8/gems/activesupport-2.0.2/lib/active_support/dependencies.rb:489:in `load'
    /usr/local/lib/ruby/gems/1.8/gems/rails-2.0.2/lib/commands/servers/mongrel.rb:64
    /usr/local/lib/ruby/site_ruby/1.8/rubygems/custom_require.rb:27:in `gem_original_require'
    /usr/local/lib/ruby/site_ruby/1.8/rubygems/custom_require.rb:27:in `require'
    /usr/local/lib/ruby/gems/1.8/gems/activesupport-2.0.2/lib/active_support/dependencies.rb:496:in `require'
    /usr/local/lib/ruby/gems/1.8/gems/activesupport-2.0.2/lib/active_support/dependencies.rb:342:in `new_constants_in'
    /usr/local/lib/ruby/gems/1.8/gems/activesupport-2.0.2/lib/active_support/dependencies.rb:496:in `require'
    /usr/local/lib/ruby/gems/1.8/gems/rails-2.0.2/lib/commands/server.rb:39
    /usr/local/lib/ruby/site_ruby/1.8/rubygems/custom_require.rb:27:in `gem_original_require'
    /usr/local/lib/ruby/site_ruby/1.8/rubygems/custom_require.rb:27:in `require'
    script/server:3

Rendering /usr/local/lib/ruby/gems/1.8/gems/actionpack-2.0.2/lib/action_controller/templates/rescues/layout.erb (internal_server_error)


Processing SessionsController#new (for 127.0.0.1 at 2008-05-26 22:09:29) [GET]
  Session ID: BAh7BiIKZmxhc2hJQzonQWN0aW9uQ29udHJvbGxlcjo6Rmxhc2g6OkZsYXNo%0ASGFzaHsABjoKQHVzZWR7AA%3D%3D--690c80b8b502233770ce83d29f67f56fbf1e6b00
  Parameters: {"action"=>"new", "controller"=>"sessions"}
Rendering template within layouts/application
Rendering sessions/new


ActionView::TemplateError (undefined local variable or method `session_path' for #<ActionView::Base:0x3319400>) on line #8 of sessions/new.html.erb:
5: }
6: </style>
7: 
8:   <% form_tag(session_path) do -%>
9:     <h2>Login</h2>
10:     <p><label for="login">Login</label>
11:     <%= text_field_tag 'login' %></p>

    app/views/sessions/new.html.erb:8:in `_run_erb_47app47views47sessions47new46html46erb'
    /usr/local/lib/ruby/gems/1.8/gems/actionpack-2.0.2/lib/action_view/base.rb:637:in `send'
    /usr/local/lib/ruby/gems/1.8/gems/actionpack-2.0.2/lib/action_view/base.rb:637:in `compile_and_render_template'
    /usr/local/lib/ruby/gems/1.8/gems/actionpack-2.0.2/lib/action_view/base.rb:365:in `render_template'
    /usr/local/lib/ruby/gems/1.8/gems/actionpack-2.0.2/lib/action_view/base.rb:316:in `render_file'
    /usr/local/lib/ruby/gems/1.8/gems/actionpack-2.0.2/lib/action_controller/base.rb:1100:in `render_for_file'
    /usr/local/lib/ruby/gems/1.8/gems/actionpack-2.0.2/lib/action_controller/base.rb:836:in `render_with_no_layout'
    /usr/local/lib/ruby/gems/1.8/gems/actionpack-2.0.2/lib/action_controller/layout.rb:262:in `render_without_benchmark'
    /usr/local/lib/ruby/gems/1.8/gems/actionpack-2.0.2/lib/action_controller/benchmarking.rb:51:in `render'
    /usr/local/lib/ruby/1.8/benchmark.rb:293:in `measure'
    /usr/local/lib/ruby/gems/1.8/gems/actionpack-2.0.2/lib/action_controller/benchmarking.rb:51:in `render'
    /usr/local/lib/ruby/gems/1.8/gems/actionpack-2.0.2/lib/action_controller/base.rb:1153:in `default_render'
    /usr/local/lib/ruby/gems/1.8/gems/actionpack-2.0.2/lib/action_controller/base.rb:1159:in `perform_action_without_filters'
    /usr/local/lib/ruby/gems/1.8/gems/actionpack-2.0.2/lib/action_controller/filters.rb:697:in `call_filters'
    /usr/local/lib/ruby/gems/1.8/gems/actionpack-2.0.2/lib/action_controller/filters.rb:725:in `run_before_filters'
    app/controllers/application.rb:34:in `catch_errors'
    /usr/local/lib/ruby/gems/1.8/gems/actionpack-2.0.2/lib/action_controller/filters.rb:469:in `send!'
    /usr/local/lib/ruby/gems/1.8/gems/actionpack-2.0.2/lib/action_controller/filters.rb:469:in `call'
    /usr/local/lib/ruby/gems/1.8/gems/actionpack-2.0.2/lib/action_controller/filters.rb:722:in `run_before_filters'
    /usr/local/lib/ruby/gems/1.8/gems/actionpack-2.0.2/lib/action_controller/filters.rb:695:in `call_filters'
    /usr/local/lib/ruby/gems/1.8/gems/actionpack-2.0.2/lib/action_controller/filters.rb:725:in `run_before_filters'
    app/controllers/application.rb:28:in `set_timezone'
    /usr/local/lib/ruby/gems/1.8/gems/actionpack-2.0.2/lib/action_controller/filters.rb:469:in `send!'
    /usr/local/lib/ruby/gems/1.8/gems/actionpack-2.0.2/lib/action_controller/filters.rb:469:in `call'
    /usr/local/lib/ruby/gems/1.8/gems/actionpack-2.0.2/lib/action_controller/filters.rb:722:in `run_before_filters'
    /usr/local/lib/ruby/gems/1.8/gems/actionpack-2.0.2/lib/action_controller/filters.rb:695:in `call_filters'
    /usr/local/lib/ruby/gems/1.8/gems/actionpack-2.0.2/lib/action_controller/filters.rb:689:in `perform_action_without_benchmark'
    /usr/local/lib/ruby/gems/1.8/gems/actionpack-2.0.2/lib/action_controller/benchmarking.rb:68:in `perform_action_without_rescue'
    /usr/local/lib/ruby/1.8/benchmark.rb:293:in `measure'
    /usr/local/lib/ruby/gems/1.8/gems/actionpack-2.0.2/lib/action_controller/benchmarking.rb:68:in `perform_action_without_rescue'
    /usr/local/lib/ruby/gems/1.8/gems/actionpack-2.0.2/lib/action_controller/rescue.rb:199:in `perform_action_without_caching'
    /usr/local/lib/ruby/gems/1.8/gems/actionpack-2.0.2/lib/action_controller/caching.rb:678:in `perform_action'
    /usr/local/lib/ruby/gems/1.8/gems/activerecord-2.0.2/lib/active_record/connection_adapters/abstract/query_cache.rb:33:in `cache'
    /usr/local/lib/ruby/gems/1.8/gems/activerecord-2.0.2/lib/active_record/query_cache.rb:8:in `cache'
    /usr/local/lib/ruby/gems/1.8/gems/actionpack-2.0.2/lib/action_controller/caching.rb:677:in `perform_action'
    /usr/local/lib/ruby/gems/1.8/gems/actionpack-2.0.2/lib/action_controller/base.rb:524:in `send'
    /usr/local/lib/ruby/gems/1.8/gems/actionpack-2.0.2/lib/action_controller/base.rb:524:in `process_without_filters'
    /usr/local/lib/ruby/gems/1.8/gems/actionpack-2.0.2/lib/action_controller/filters.rb:685:in `process_without_session_management_support'
    /usr/local/lib/ruby/gems/1.8/gems/actionpack-2.0.2/lib/action_controller/session_management.rb:123:in `process'
    /usr/local/lib/ruby/gems/1.8/gems/actionpack-2.0.2/lib/action_controller/base.rb:388:in `process'
    /usr/local/lib/ruby/gems/1.8/gems/actionpack-2.0.2/lib/action_controller/dispatcher.rb:171:in `handle_request'
    /usr/local/lib/ruby/gems/1.8/gems/actionpack-2.0.2/lib/action_controller/dispatcher.rb:115:in `dispatch'
    /usr/local/lib/ruby/gems/1.8/gems/actionpack-2.0.2/lib/action_controller/dispatcher.rb:126:in `dispatch_cgi'
    /usr/local/lib/ruby/gems/1.8/gems/actionpack-2.0.2/lib/action_controller/dispatcher.rb:9:in `dispatch'
    /usr/local/lib/ruby/gems/1.8/gems/mongrel-1.0.1/lib/mongrel/rails.rb:78:in `process'
    /usr/local/lib/ruby/gems/1.8/gems/mongrel-1.0.1/lib/mongrel/rails.rb:76:in `synchronize'
    /usr/local/lib/ruby/gems/1.8/gems/mongrel-1.0.1/lib/mongrel/rails.rb:76:in `process'
    /usr/local/lib/ruby/gems/1.8/gems/mongrel-1.0.1/lib/mongrel.rb:618:in `process_client'
    /usr/local/lib/ruby/gems/1.8/gems/mongrel-1.0.1/lib/mongrel.rb:617:in `each'
    /usr/local/lib/ruby/gems/1.8/gems/mongrel-1.0.1/lib/mongrel.rb:617:in `process_client'
    /usr/local/lib/ruby/gems/1.8/gems/mongrel-1.0.1/lib/mongrel.rb:736:in `run'
    /usr/local/lib/ruby/gems/1.8/gems/mongrel-1.0.1/lib/mongrel.rb:736:in `initialize'
    /usr/local/lib/ruby/gems/1.8/gems/mongrel-1.0.1/lib/mongrel.rb:736:in `new'
    /usr/local/lib/ruby/gems/1.8/gems/mongrel-1.0.1/lib/mongrel.rb:736:in `run'
    /usr/local/lib/ruby/gems/1.8/gems/mongrel-1.0.1/lib/mongrel.rb:720:in `initialize'
    /usr/local/lib/ruby/gems/1.8/gems/mongrel-1.0.1/lib/mongrel.rb:720:in `new'
    /usr/local/lib/ruby/gems/1.8/gems/mongrel-1.0.1/lib/mongrel.rb:720:in `run'
    /usr/local/lib/ruby/gems/1.8/gems/mongrel-1.0.1/lib/mongrel/configurator.rb:271:in `run'
    /usr/local/lib/ruby/gems/1.8/gems/mongrel-1.0.1/lib/mongrel/configurator.rb:270:in `each'
    /usr/local/lib/ruby/gems/1.8/gems/mongrel-1.0.1/lib/mongrel/configurator.rb:270:in `run'
    /usr/local/lib/ruby/gems/1.8/gems/mongrel-1.0.1/bin/mongrel_rails:127:in `run'
    /usr/local/lib/ruby/gems/1.8/gems/mongrel-1.0.1/lib/mongrel/command.rb:211:in `run'
    /usr/local/lib/ruby/gems/1.8/gems/mongrel-1.0.1/bin/mongrel_rails:243
    /usr/local/lib/ruby/gems/1.8/gems/activesupport-2.0.2/lib/active_support/dependencies.rb:489:in `load'
    /usr/local/lib/ruby/gems/1.8/gems/activesupport-2.0.2/lib/active_support/dependencies.rb:489:in `load'
    /usr/local/lib/ruby/gems/1.8/gems/activesupport-2.0.2/lib/active_support/dependencies.rb:342:in `new_constants_in'
    /usr/local/lib/ruby/gems/1.8/gems/activesupport-2.0.2/lib/active_support/dependencies.rb:489:in `load'
    /usr/local/lib/ruby/gems/1.8/gems/rails-2.0.2/lib/commands/servers/mongrel.rb:64
    /usr/local/lib/ruby/site_ruby/1.8/rubygems/custom_require.rb:27:in `gem_original_require'
    /usr/local/lib/ruby/site_ruby/1.8/rubygems/custom_require.rb:27:in `require'
    /usr/local/lib/ruby/gems/1.8/gems/activesupport-2.0.2/lib/active_support/dependencies.rb:496:in `require'
    /usr/local/lib/ruby/gems/1.8/gems/activesupport-2.0.2/lib/active_support/dependencies.rb:342:in `new_constants_in'
    /usr/local/lib/ruby/gems/1.8/gems/activesupport-2.0.2/lib/active_support/dependencies.rb:496:in `require'
    /usr/local/lib/ruby/gems/1.8/gems/rails-2.0.2/lib/commands/server.rb:39
    /usr/local/lib/ruby/site_ruby/1.8/rubygems/custom_require.rb:27:in `gem_original_require'
    /usr/local/lib/ruby/site_ruby/1.8/rubygems/custom_require.rb:27:in `require'
    script/server:3

Rendering /usr/local/lib/ruby/gems/1.8/gems/actionpack-2.0.2/lib/action_controller/templates/rescues/layout.erb (internal_server_error)


Processing UsersController#index (for 127.0.0.1 at 2008-05-26 22:09:44) [GET]
  Session ID: BAh7BiIKZmxhc2hJQzonQWN0aW9uQ29udHJvbGxlcjo6Rmxhc2g6OkZsYXNo%0ASGFzaHsABjoKQHVzZWR7AA%3D%3D--690c80b8b502233770ce83d29f67f56fbf1e6b00
  Parameters: {"action"=>"index", "controller"=>"users"}
  [4;36;1m (3) (6.443522)[0m   [0;1mSHOW TABLES[0m
  [4;35;1mUser Columns (13) (1.780773)[0m   [0mSHOW FIELDS FROM `users`[0m
  [4;36;1mUser Load (0) (0.888554)[0m   [0;1mSELECT * FROM `users` [0m
Rendering template within layouts/application
Rendering users/index
Completed in 10.03271 (0 reqs/sec) | Rendering: 0.19727 (1%) | DB: 9.11285 (90%) | 200 OK [http://localhost/]
WARNING: You're using the Ruby-based MySQL library that ships with Rails. This library is not suited for production. Please install the C-based MySQL library instead (gem install mysql).
  [4;36;1m (0) (0.466184)[0m   [0;1mSET SQL_AUTO_IS_NULL=0[0m
  [4;35;1m (0) (0.000000)[0m   [0mMysql::Error: #42S01Table 'schema_info' already exists: CREATE TABLE `schema_info` (version int(11))[0m
  [4;36;1m (1) (0.062290)[0m   [0;1mSELECT version FROM schema_info[0m
  [4;35;1m (1) (0.002699)[0m   [0mSELECT version FROM schema_info[0m
  [4;36;1m (1) (0.002000)[0m   [0;1mSELECT * FROM schema_info[0m
  [4;35;1m (3) (0.003692)[0m   [0mSHOW TABLES[0m
  [4;36;1m (12) (0.024484)[0m   [0;1mSHOW FIELDS FROM `assets`[0m
  [4;35;1m (12) (0.146826)[0m   [0mdescribe `assets`[0m
  [4;36;1m (1) (0.551603)[0m   [0;1mSHOW KEYS FROM `assets`[0m
  [4;35;1m (13) (0.071486)[0m   [0mSHOW FIELDS FROM `users`[0m
  [4;36;1m (13) (0.102539)[0m   [0;1mdescribe `users`[0m
  [4;35;1m (1) (0.045658)[0m   [0mSHOW KEYS FROM `users`[0m
  [4;36;1m (0) (0.000899)[0m   [0;1mSET SQL_AUTO_IS_NULL=0[0m
  [4;35;1m (0) (2.124049)[0m   [0mDROP DATABASE IF EXISTS `test`[0m
  [4;36;1m (0) (0.304008)[0m   [0;1mCREATE DATABASE `test` DEFAULT CHARACTER SET `utf8`[0m
  [4;35;1m (0) (0.000986)[0m   [0mSET SQL_AUTO_IS_NULL=0[0m
  [4;36;1m (0) (0.000000)[0m   [0;1mMysql::Error: #42S02Unknown table 'assets': DROP TABLE `assets`[0m
  [4;35;1m (0) (0.342603)[0m   [0mCREATE TABLE `assets` (`id` int(11) DEFAULT NULL auto_increment PRIMARY KEY, `filename` varchar(255) DEFAULT NULL, `width` int(11) DEFAULT NULL, `height` int(11) DEFAULT NULL, `content_type` varchar(255) DEFAULT NULL, `size` int(11) DEFAULT NULL, `attachable_type` varchar(255) DEFAULT NULL, `attachable_id` int(11) DEFAULT NULL, `updated_at` datetime DEFAULT NULL, `created_at` datetime DEFAULT NULL, `thumbnail` varchar(255) DEFAULT NULL, `parent_id` int(11) DEFAULT NULL) ENGINE=InnoDB[0m
  [4;36;1m (0) (0.000000)[0m   [0;1mMysql::Error: #42S02Unknown table 'users': DROP TABLE `users`[0m
  [4;35;1m (0) (0.152140)[0m   [0mCREATE TABLE `users` (`id` int(11) DEFAULT NULL auto_increment PRIMARY KEY, `login` varchar(255) DEFAULT NULL, `email` varchar(255) DEFAULT NULL, `crypted_password` varchar(40) DEFAULT NULL, `salt` varchar(40) DEFAULT NULL, `created_at` datetime DEFAULT NULL, `updated_at` datetime DEFAULT NULL, `last_login_at` datetime DEFAULT NULL, `remember_token` varchar(255) DEFAULT NULL, `remember_token_expires_at` datetime DEFAULT NULL, `visits_count` int(11) DEFAULT 0, `time_zone` varchar(255) DEFAULT 'Etc/UTC', `permalink` varchar(255) DEFAULT NULL) ENGINE=InnoDB[0m
  [4;36;1m (0) (0.057374)[0m   [0;1mCREATE TABLE `schema_info` (version int(11))[0m
  [4;35;1m (0) (0.047062)[0m   [0mINSERT INTO `schema_info` (version) VALUES(0)[0m
  [4;36;1m (1) (0.051709)[0m   [0;1mSHOW FIELDS FROM `schema_info`[0m
  [4;35;1m (0) (0.166549)[0m   [0mUPDATE schema_info SET version = 2[0m
WARNING: You're using the Ruby-based MySQL library that ships with Rails. This library is not suited for production. Please install the C-based MySQL library instead (gem install mysql).
WARNING: You're using the Ruby-based MySQL library that ships with Rails. This library is not suited for production. Please install the C-based MySQL library instead (gem install mysql).
  [4;36;1m (0) (0.202108)[0m   [0;1mSET SQL_AUTO_IS_NULL=0[0m
  [4;35;1m (0) (0.000000)[0m   [0mMysql::Error: #42S01Table 'schema_info' already exists: CREATE TABLE `schema_info` (version int(11))[0m
  [4;36;1m (1) (0.069810)[0m   [0;1mSELECT version FROM schema_info[0m
  [4;35;1m (1) (0.001402)[0m   [0mSELECT version FROM schema_info[0m
  [4;36;1m (1) (0.001869)[0m   [0;1mSELECT * FROM schema_info[0m
  [4;35;1m (3) (0.114151)[0m   [0mSHOW TABLES[0m
  [4;36;1m (12) (0.132119)[0m   [0;1mSHOW FIELDS FROM `assets`[0m
  [4;35;1m (12) (0.081298)[0m   [0mdescribe `assets`[0m
  [4;36;1m (1) (0.018049)[0m   [0;1mSHOW KEYS FROM `assets`[0m
  [4;35;1m (13) (0.044274)[0m   [0mSHOW FIELDS FROM `users`[0m
  [4;36;1m (13) (0.017765)[0m   [0;1mdescribe `users`[0m
  [4;35;1m (1) (0.010027)[0m   [0mSHOW KEYS FROM `users`[0m
  [4;36;1m (0) (0.001012)[0m   [0;1mSET SQL_AUTO_IS_NULL=0[0m
  [4;35;1m (0) (0.188565)[0m   [0mDROP DATABASE IF EXISTS `test`[0m
  [4;36;1m (0) (0.086705)[0m   [0;1mCREATE DATABASE `test` DEFAULT CHARACTER SET `utf8`[0m
  [4;35;1m (0) (0.000940)[0m   [0mSET SQL_AUTO_IS_NULL=0[0m
  [4;36;1m (0) (0.000000)[0m   [0;1mMysql::Error: #42S02Unknown table 'assets': DROP TABLE `assets`[0m
  [4;35;1m (0) (0.009315)[0m   [0mCREATE TABLE `assets` (`id` int(11) DEFAULT NULL auto_increment PRIMARY KEY, `filename` varchar(255) DEFAULT NULL, `width` int(11) DEFAULT NULL, `height` int(11) DEFAULT NULL, `content_type` varchar(255) DEFAULT NULL, `size` int(11) DEFAULT NULL, `attachable_type` varchar(255) DEFAULT NULL, `attachable_id` int(11) DEFAULT NULL, `updated_at` datetime DEFAULT NULL, `created_at` datetime DEFAULT NULL, `thumbnail` varchar(255) DEFAULT NULL, `parent_id` int(11) DEFAULT NULL) ENGINE=InnoDB[0m
  [4;36;1m (0) (0.000000)[0m   [0;1mMysql::Error: #42S02Unknown table 'users': DROP TABLE `users`[0m
  [4;35;1m (0) (0.007732)[0m   [0mCREATE TABLE `users` (`id` int(11) DEFAULT NULL auto_increment PRIMARY KEY, `login` varchar(255) DEFAULT NULL, `email` varchar(255) DEFAULT NULL, `crypted_password` varchar(40) DEFAULT NULL, `salt` varchar(40) DEFAULT NULL, `created_at` datetime DEFAULT NULL, `updated_at` datetime DEFAULT NULL, `last_login_at` datetime DEFAULT NULL, `remember_token` varchar(255) DEFAULT NULL, `remember_token_expires_at` datetime DEFAULT NULL, `visits_count` int(11) DEFAULT 0, `time_zone` varchar(255) DEFAULT 'Etc/UTC', `permalink` varchar(255) DEFAULT NULL) ENGINE=InnoDB[0m
  [4;36;1m (0) (0.007880)[0m   [0;1mCREATE TABLE `schema_info` (version int(11))[0m
  [4;35;1m (0) (0.057245)[0m   [0mINSERT INTO `schema_info` (version) VALUES(0)[0m
  [4;36;1m (1) (0.010146)[0m   [0;1mSHOW FIELDS FROM `schema_info`[0m
  [4;35;1m (0) (0.010897)[0m   [0mUPDATE schema_info SET version = 2[0m
